#
# A fatal error has been detected by the Java Runtime Environment:
#
#  EXCEPTION_ACCESS_VIOLATION (0xc0000005) at pc=0x00007ffa756fb6d9, pid=5196, tid=5504
#
# JRE version: Java(TM) SE Runtime Environment (11.0.1+13) (build 11.0.1+13-LTS)
# Java VM: Java HotSpot(TM) 64-Bit Server VM (11.0.1+13-LTS, mixed mode, tiered, compressed oops, g1 gc, windows-amd64)
# Problematic frame:
# V  [jvm.dll+0x25b6d9]
#
# No core dump will be written. Minidumps are not enabled by default on client versions of Windows
#
# If you would like to submit a bug report, please visit:
#   http://bugreport.java.com/bugreport/crash.jsp
#

---------------  S U M M A R Y ------------

Command Line: -agentlib:jdwp=transport=dt_socket,address=127.0.0.1:64466,suspend=y,server=n -javaagent:C:\Users\Péter\.IntelliJIdea2018.2\system\captureAgent\debugger-agent.jar=file:/C:/Users/P%C3%A9ter/AppData/Local/Temp/capture.props -Dfile.encoding=UTF-8 Exercise29

Host: Intel(R) Core(TM) i7-6700HQ CPU @ 2.60GHz, 8 cores, 7G,  Windows 10 , 64 bit Build 17134 (10.0.17134.1)
Time: Fri Nov  2 11:56:30 2018 Central Europe Standard Time elapsed time: 1566 seconds (0d 0h 26m 6s)

---------------  T H R E A D  ---------------

Current thread (0x000001abff6cc800):  VMThread "VM Thread" [stack: 0x0000000792400000,0x0000000792500000] [id=5504]

Stack: [0x0000000792400000,0x0000000792500000],  sp=0x00000007924ff2f8,  free space=1020k
Native frames: (J=compiled Java code, j=interpreted, Vv=VM code, C=native code)
V  [jvm.dll+0x25b6d9]


siginfo: EXCEPTION_ACCESS_VIOLATION (0xc0000005), reading address 0x000001abffe3f570


Register to memory mapping:

RIP=0x00007ffa756fb6d9 jvm.dll
RAX=0x0000000000194040 is an unknown value
RBX=0x00000007924ff580 points into unknown readable memory
RCX=0x000001abffcab530 is pointing into metadata
RDX=0x000000000000ca01 is an unknown value
RSP=0x00000007924ff2f8 points into unknown readable memory
RBP=0x0000000000000001 is an unknown value
RSI=0x0000000000000001 is an unknown value
RDI=0x000001abffcab100 is pointing into metadata
R8 =0x0 is NULL
R9 =0x000001abffcab100 is pointing into metadata
R10=0x000001ab9b6f8700 points into unknown readable memory
R11=0x000001abff682fe0 points into unknown readable memory
R12=0x000001abff682f10 points into unknown readable memory
R13=0x0000000000000140 is an unknown value
R14=0x000001abffcab419 is pointing into metadata
R15=0x0000000000000037 is an unknown value


Registers:
RAX=0x0000000000194040, RBX=0x00000007924ff580, RCX=0x000001abffcab530, RDX=0x000000000000ca01
RSP=0x00000007924ff2f8, RBP=0x0000000000000001, RSI=0x0000000000000001, RDI=0x000001abffcab100
R8 =0x0000000000000000, R9 =0x000001abffcab100, R10=0x000001ab9b6f8700, R11=0x000001abff682fe0
R12=0x000001abff682f10, R13=0x0000000000000140, R14=0x000001abffcab419, R15=0x0000000000000037
RIP=0x00007ffa756fb6d9, EFLAGS=0x0000000000010202

Top of Stack: (sp=0x00000007924ff2f8)
0x00000007924ff2f8:   00007ffa757e40e3 00000007924ff350
0x00000007924ff308:   00000007924ff308 000001abff682fb0
0x00000007924ff318:   0000000000000053 000001abffcab498
0x00000007924ff328:   000001abff6cc800 000000000000009e
0x00000007924ff338:   00007ffa757e7e4e 0000070cffc07550
0x00000007924ff348:   00007ffa757e7e40 000001abffcab419
0x00000007924ff358:   00000007924ff3e0 00000007924ff580
0x00000007924ff368:   00007ffa757e6606 0000000000000000
0x00000007924ff378:   000000000000002c 0000000000000001
0x00000007924ff388:   00007ffa755c46de 000000070000002c
0x00000007924ff398:   00000007924ff410 0000000000000037
0x00000007924ff3a8:   000000000000009e 6666666666666667
0x00000007924ff3b8:   00007ffa757e6f1e 00000007924ff580
0x00000007924ff3c8:   00000007924ff410 000001abffcab419
0x00000007924ff3d8:   6666666666666667 000001abffcab498
0x00000007924ff3e8:   000001abff6cc800 0000002f0000002c 

Instructions: (pc=0x00007ffa756fb6d9)
0x00007ffa756fb6b9:   c2 48 ff c0 48 c1 e0 05 48 8b 04 08 0f b7 c8 41
0x00007ffa756fb6c9:   0f b7 44 c9 42 c3 48 63 c2 48 ff c0 48 c1 e0 05
0x00007ffa756fb6d9:   48 8b 04 08 0f b7 d0 48 63 c2 41 0f b7 44 c1 42
0x00007ffa756fb6e9:   c3 49 8b 41 08 48 63 ca 0f b6 44 01 04 3c 12 74 


VM_Operation (0x0000000792dff3d0): GetOrSetLocal, mode: safepoint, requested by thread 0x000001ab9b60f000


---------------  P R O C E S S  ---------------

Threads class SMR info:
_java_thread_list=0x000001ab9b61bf20, length=13, elements={
0x000001abfbcca800, 0x000001abff6ef000, 0x000001abff6f8000, 0x000001ab9b367000,
0x000001ab9b368000, 0x000001ab9b36b000, 0x000001ab9b36e800, 0x000001abff705000,
0x000001abff686000, 0x000001ab9b60f000, 0x000001ab9b5e8800, 0x000001ab9b5e9000,
0x000001ab9b7ff800
}

Java Threads: ( => current thread )
  0x000001abfbcca800 JavaThread "main" [_thread_blocked, id=15192, stack(0x0000000791e00000,0x0000000791f00000)]
  0x000001abff6ef000 JavaThread "Reference Handler" daemon [_thread_blocked, id=1048, stack(0x0000000792500000,0x0000000792600000)]
  0x000001abff6f8000 JavaThread "Finalizer" daemon [_thread_blocked, id=12636, stack(0x0000000792600000,0x0000000792700000)]
  0x000001ab9b367000 JavaThread "Signal Dispatcher" daemon [_thread_blocked, id=2204, stack(0x0000000792700000,0x0000000792800000)]
  0x000001ab9b368000 JavaThread "Attach Listener" daemon [_thread_blocked, id=8692, stack(0x0000000792800000,0x0000000792900000)]
  0x000001ab9b36b000 JavaThread "C2 CompilerThread0" daemon [_thread_blocked, id=14760, stack(0x0000000792900000,0x0000000792a00000)]
  0x000001ab9b36e800 JavaThread "C1 CompilerThread0" daemon [_thread_blocked, id=6984, stack(0x0000000792a00000,0x0000000792b00000)]
  0x000001abff705000 JavaThread "Sweeper thread" daemon [_thread_blocked, id=2304, stack(0x0000000792b00000,0x0000000792c00000)]
  0x000001abff686000 JavaThread "Common-Cleaner" daemon [_thread_blocked, id=15676, stack(0x0000000792c00000,0x0000000792d00000)]
  0x000001ab9b60f000 JavaThread "JDWP Transport Listener: dt_socket" daemon [_thread_blocked, id=7496, stack(0x0000000792d00000,0x0000000792e00000)] _threads_hazard_ptr=0x000001ab9b61bf20
  0x000001ab9b5e8800 JavaThread "JDWP Event Helper Thread" daemon [_thread_blocked, id=1472, stack(0x0000000792e00000,0x0000000792f00000)]
  0x000001ab9b5e9000 JavaThread "JDWP Command Reader" daemon [_thread_in_native, id=6596, stack(0x0000000792f00000,0x0000000793000000)]
  0x000001ab9b7ff800 JavaThread "Service Thread" daemon [_thread_blocked, id=10932, stack(0x0000000793000000,0x0000000793100000)]

Other Threads:
=>0x000001abff6cc800 VMThread "VM Thread" [stack: 0x0000000792400000,0x0000000792500000] [id=5504]
  0x000001ab9b5a9800 WatcherThread [stack: 0x0000000793100000,0x0000000793200000] [id=4056]
  0x000001abfbce0000 GCTaskThread "GC Thread#0" [stack: 0x0000000791f00000,0x0000000792000000] [id=15048]
  0x000001abfbd14000 ConcurrentGCThread "G1 Main Marker" [stack: 0x0000000792000000,0x0000000792100000] [id=6680]
  0x000001abfbd16800 ConcurrentGCThread "G1 Conc#0" [stack: 0x0000000792100000,0x0000000792200000] [id=5812]
  0x000001abff528800 ConcurrentGCThread "G1 Refine#0" [stack: 0x0000000792200000,0x0000000792300000] [id=15304]
  0x000001abff529000 ConcurrentGCThread "G1 Young RemSet Sampling" [stack: 0x0000000792300000,0x0000000792400000] [id=2184]

Threads with active compile tasks:

VM state:at safepoint (normal execution)

VM Mutex/Monitor currently owned by a thread:  ([mutex/lock_event])
[0x000001abfbcc9770] Threads_lock - owner thread: 0x000001abff6cc800

Heap address: 0x0000000081a00000, size: 2022 MB, Compressed Oops mode: 32-bit
Narrow klass base: 0x0000000000000000, Narrow klass shift: 3
Compressed class space size: 1073741824 Address: 0x0000000100000000

Heap:
 garbage-first heap   total 131072K, used 2048K [0x0000000081a00000, 0x0000000100000000)
  region size 1024K, 3 young (3072K), 0 survivors (0K)
 Metaspace       used 6326K, capacity 6423K, committed 6528K, reserved 1056768K
  class space    used 550K, capacity 606K, committed 640K, reserved 1048576K
Heap Regions: E=young(eden), S=young(survivor), O=old, HS=humongous(starts), HC=humongous(continues), CS=collection set, F=free, A=archive, TAMS=top-at-mark-start (previous, next)
|   0|0x0000000081a00000, 0x0000000081a00000, 0x0000000081b00000|  0%| F|  |TAMS 0x0000000081a00000, 0x0000000081a00000| Untracked 
|   1|0x0000000081b00000, 0x0000000081b00000, 0x0000000081c00000|  0%| F|  |TAMS 0x0000000081b00000, 0x0000000081b00000| Untracked 
|   2|0x0000000081c00000, 0x0000000081c00000, 0x0000000081d00000|  0%| F|  |TAMS 0x0000000081c00000, 0x0000000081c00000| Untracked 
|   3|0x0000000081d00000, 0x0000000081d00000, 0x0000000081e00000|  0%| F|  |TAMS 0x0000000081d00000, 0x0000000081d00000| Untracked 
|   4|0x0000000081e00000, 0x0000000081e00000, 0x0000000081f00000|  0%| F|  |TAMS 0x0000000081e00000, 0x0000000081e00000| Untracked 
|   5|0x0000000081f00000, 0x0000000081f00000, 0x0000000082000000|  0%| F|  |TAMS 0x0000000081f00000, 0x0000000081f00000| Untracked 
|   6|0x0000000082000000, 0x0000000082000000, 0x0000000082100000|  0%| F|  |TAMS 0x0000000082000000, 0x0000000082000000| Untracked 
|   7|0x0000000082100000, 0x0000000082100000, 0x0000000082200000|  0%| F|  |TAMS 0x0000000082100000, 0x0000000082100000| Untracked 
|   8|0x0000000082200000, 0x0000000082200000, 0x0000000082300000|  0%| F|  |TAMS 0x0000000082200000, 0x0000000082200000| Untracked 
|   9|0x0000000082300000, 0x0000000082300000, 0x0000000082400000|  0%| F|  |TAMS 0x0000000082300000, 0x0000000082300000| Untracked 
|  10|0x0000000082400000, 0x0000000082400000, 0x0000000082500000|  0%| F|  |TAMS 0x0000000082400000, 0x0000000082400000| Untracked 
|  11|0x0000000082500000, 0x0000000082500000, 0x0000000082600000|  0%| F|  |TAMS 0x0000000082500000, 0x0000000082500000| Untracked 
|  12|0x0000000082600000, 0x0000000082600000, 0x0000000082700000|  0%| F|  |TAMS 0x0000000082600000, 0x0000000082600000| Untracked 
|  13|0x0000000082700000, 0x0000000082700000, 0x0000000082800000|  0%| F|  |TAMS 0x0000000082700000, 0x0000000082700000| Untracked 
|  14|0x0000000082800000, 0x0000000082800000, 0x0000000082900000|  0%| F|  |TAMS 0x0000000082800000, 0x0000000082800000| Untracked 
|  15|0x0000000082900000, 0x0000000082900000, 0x0000000082a00000|  0%| F|  |TAMS 0x0000000082900000, 0x0000000082900000| Untracked 
|  16|0x0000000082a00000, 0x0000000082a00000, 0x0000000082b00000|  0%| F|  |TAMS 0x0000000082a00000, 0x0000000082a00000| Untracked 
|  17|0x0000000082b00000, 0x0000000082b00000, 0x0000000082c00000|  0%| F|  |TAMS 0x0000000082b00000, 0x0000000082b00000| Untracked 
|  18|0x0000000082c00000, 0x0000000082c00000, 0x0000000082d00000|  0%| F|  |TAMS 0x0000000082c00000, 0x0000000082c00000| Untracked 
|  19|0x0000000082d00000, 0x0000000082d00000, 0x0000000082e00000|  0%| F|  |TAMS 0x0000000082d00000, 0x0000000082d00000| Untracked 
|  20|0x0000000082e00000, 0x0000000082e00000, 0x0000000082f00000|  0%| F|  |TAMS 0x0000000082e00000, 0x0000000082e00000| Untracked 
|  21|0x0000000082f00000, 0x0000000082f00000, 0x0000000083000000|  0%| F|  |TAMS 0x0000000082f00000, 0x0000000082f00000| Untracked 
|  22|0x0000000083000000, 0x0000000083000000, 0x0000000083100000|  0%| F|  |TAMS 0x0000000083000000, 0x0000000083000000| Untracked 
|  23|0x0000000083100000, 0x0000000083100000, 0x0000000083200000|  0%| F|  |TAMS 0x0000000083100000, 0x0000000083100000| Untracked 
|  24|0x0000000083200000, 0x0000000083200000, 0x0000000083300000|  0%| F|  |TAMS 0x0000000083200000, 0x0000000083200000| Untracked 
|  25|0x0000000083300000, 0x0000000083300000, 0x0000000083400000|  0%| F|  |TAMS 0x0000000083300000, 0x0000000083300000| Untracked 
|  26|0x0000000083400000, 0x0000000083400000, 0x0000000083500000|  0%| F|  |TAMS 0x0000000083400000, 0x0000000083400000| Untracked 
|  27|0x0000000083500000, 0x0000000083500000, 0x0000000083600000|  0%| F|  |TAMS 0x0000000083500000, 0x0000000083500000| Untracked 
|  28|0x0000000083600000, 0x0000000083600000, 0x0000000083700000|  0%| F|  |TAMS 0x0000000083600000, 0x0000000083600000| Untracked 
|  29|0x0000000083700000, 0x0000000083700000, 0x0000000083800000|  0%| F|  |TAMS 0x0000000083700000, 0x0000000083700000| Untracked 
|  30|0x0000000083800000, 0x0000000083800000, 0x0000000083900000|  0%| F|  |TAMS 0x0000000083800000, 0x0000000083800000| Untracked 
|  31|0x0000000083900000, 0x0000000083900000, 0x0000000083a00000|  0%| F|  |TAMS 0x0000000083900000, 0x0000000083900000| Untracked 
|  32|0x0000000083a00000, 0x0000000083a00000, 0x0000000083b00000|  0%| F|  |TAMS 0x0000000083a00000, 0x0000000083a00000| Untracked 
|  33|0x0000000083b00000, 0x0000000083b00000, 0x0000000083c00000|  0%| F|  |TAMS 0x0000000083b00000, 0x0000000083b00000| Untracked 
|  34|0x0000000083c00000, 0x0000000083c00000, 0x0000000083d00000|  0%| F|  |TAMS 0x0000000083c00000, 0x0000000083c00000| Untracked 
|  35|0x0000000083d00000, 0x0000000083d00000, 0x0000000083e00000|  0%| F|  |TAMS 0x0000000083d00000, 0x0000000083d00000| Untracked 
|  36|0x0000000083e00000, 0x0000000083e00000, 0x0000000083f00000|  0%| F|  |TAMS 0x0000000083e00000, 0x0000000083e00000| Untracked 
|  37|0x0000000083f00000, 0x0000000083f00000, 0x0000000084000000|  0%| F|  |TAMS 0x0000000083f00000, 0x0000000083f00000| Untracked 
|  38|0x0000000084000000, 0x0000000084000000, 0x0000000084100000|  0%| F|  |TAMS 0x0000000084000000, 0x0000000084000000| Untracked 
|  39|0x0000000084100000, 0x0000000084100000, 0x0000000084200000|  0%| F|  |TAMS 0x0000000084100000, 0x0000000084100000| Untracked 
|  40|0x0000000084200000, 0x0000000084200000, 0x0000000084300000|  0%| F|  |TAMS 0x0000000084200000, 0x0000000084200000| Untracked 
|  41|0x0000000084300000, 0x0000000084300000, 0x0000000084400000|  0%| F|  |TAMS 0x0000000084300000, 0x0000000084300000| Untracked 
|  42|0x0000000084400000, 0x0000000084400000, 0x0000000084500000|  0%| F|  |TAMS 0x0000000084400000, 0x0000000084400000| Untracked 
|  43|0x0000000084500000, 0x0000000084500000, 0x0000000084600000|  0%| F|  |TAMS 0x0000000084500000, 0x0000000084500000| Untracked 
|  44|0x0000000084600000, 0x0000000084600000, 0x0000000084700000|  0%| F|  |TAMS 0x0000000084600000, 0x0000000084600000| Untracked 
|  45|0x0000000084700000, 0x0000000084700000, 0x0000000084800000|  0%| F|  |TAMS 0x0000000084700000, 0x0000000084700000| Untracked 
|  46|0x0000000084800000, 0x0000000084800000, 0x0000000084900000|  0%| F|  |TAMS 0x0000000084800000, 0x0000000084800000| Untracked 
|  47|0x0000000084900000, 0x0000000084900000, 0x0000000084a00000|  0%| F|  |TAMS 0x0000000084900000, 0x0000000084900000| Untracked 
|  48|0x0000000084a00000, 0x0000000084a00000, 0x0000000084b00000|  0%| F|  |TAMS 0x0000000084a00000, 0x0000000084a00000| Untracked 
|  49|0x0000000084b00000, 0x0000000084b00000, 0x0000000084c00000|  0%| F|  |TAMS 0x0000000084b00000, 0x0000000084b00000| Untracked 
|  50|0x0000000084c00000, 0x0000000084c00000, 0x0000000084d00000|  0%| F|  |TAMS 0x0000000084c00000, 0x0000000084c00000| Untracked 
|  51|0x0000000084d00000, 0x0000000084d00000, 0x0000000084e00000|  0%| F|  |TAMS 0x0000000084d00000, 0x0000000084d00000| Untracked 
|  52|0x0000000084e00000, 0x0000000084e00000, 0x0000000084f00000|  0%| F|  |TAMS 0x0000000084e00000, 0x0000000084e00000| Untracked 
|  53|0x0000000084f00000, 0x0000000084f00000, 0x0000000085000000|  0%| F|  |TAMS 0x0000000084f00000, 0x0000000084f00000| Untracked 
|  54|0x0000000085000000, 0x0000000085000000, 0x0000000085100000|  0%| F|  |TAMS 0x0000000085000000, 0x0000000085000000| Untracked 
|  55|0x0000000085100000, 0x0000000085100000, 0x0000000085200000|  0%| F|  |TAMS 0x0000000085100000, 0x0000000085100000| Untracked 
|  56|0x0000000085200000, 0x0000000085200000, 0x0000000085300000|  0%| F|  |TAMS 0x0000000085200000, 0x0000000085200000| Untracked 
|  57|0x0000000085300000, 0x0000000085300000, 0x0000000085400000|  0%| F|  |TAMS 0x0000000085300000, 0x0000000085300000| Untracked 
|  58|0x0000000085400000, 0x0000000085400000, 0x0000000085500000|  0%| F|  |TAMS 0x0000000085400000, 0x0000000085400000| Untracked 
|  59|0x0000000085500000, 0x0000000085500000, 0x0000000085600000|  0%| F|  |TAMS 0x0000000085500000, 0x0000000085500000| Untracked 
|  60|0x0000000085600000, 0x0000000085600000, 0x0000000085700000|  0%| F|  |TAMS 0x0000000085600000, 0x0000000085600000| Untracked 
|  61|0x0000000085700000, 0x0000000085700000, 0x0000000085800000|  0%| F|  |TAMS 0x0000000085700000, 0x0000000085700000| Untracked 
|  62|0x0000000085800000, 0x0000000085800000, 0x0000000085900000|  0%| F|  |TAMS 0x0000000085800000, 0x0000000085800000| Untracked 
|  63|0x0000000085900000, 0x0000000085900000, 0x0000000085a00000|  0%| F|  |TAMS 0x0000000085900000, 0x0000000085900000| Untracked 
|  64|0x0000000085a00000, 0x0000000085a00000, 0x0000000085b00000|  0%| F|  |TAMS 0x0000000085a00000, 0x0000000085a00000| Untracked 
|  65|0x0000000085b00000, 0x0000000085b00000, 0x0000000085c00000|  0%| F|  |TAMS 0x0000000085b00000, 0x0000000085b00000| Untracked 
|  66|0x0000000085c00000, 0x0000000085c00000, 0x0000000085d00000|  0%| F|  |TAMS 0x0000000085c00000, 0x0000000085c00000| Untracked 
|  67|0x0000000085d00000, 0x0000000085d00000, 0x0000000085e00000|  0%| F|  |TAMS 0x0000000085d00000, 0x0000000085d00000| Untracked 
|  68|0x0000000085e00000, 0x0000000085e00000, 0x0000000085f00000|  0%| F|  |TAMS 0x0000000085e00000, 0x0000000085e00000| Untracked 
|  69|0x0000000085f00000, 0x0000000085f00000, 0x0000000086000000|  0%| F|  |TAMS 0x0000000085f00000, 0x0000000085f00000| Untracked 
|  70|0x0000000086000000, 0x0000000086000000, 0x0000000086100000|  0%| F|  |TAMS 0x0000000086000000, 0x0000000086000000| Untracked 
|  71|0x0000000086100000, 0x0000000086100000, 0x0000000086200000|  0%| F|  |TAMS 0x0000000086100000, 0x0000000086100000| Untracked 
|  72|0x0000000086200000, 0x0000000086200000, 0x0000000086300000|  0%| F|  |TAMS 0x0000000086200000, 0x0000000086200000| Untracked 
|  73|0x0000000086300000, 0x0000000086300000, 0x0000000086400000|  0%| F|  |TAMS 0x0000000086300000, 0x0000000086300000| Untracked 
|  74|0x0000000086400000, 0x0000000086400000, 0x0000000086500000|  0%| F|  |TAMS 0x0000000086400000, 0x0000000086400000| Untracked 
|  75|0x0000000086500000, 0x0000000086500000, 0x0000000086600000|  0%| F|  |TAMS 0x0000000086500000, 0x0000000086500000| Untracked 
|  76|0x0000000086600000, 0x0000000086600000, 0x0000000086700000|  0%| F|  |TAMS 0x0000000086600000, 0x0000000086600000| Untracked 
|  77|0x0000000086700000, 0x0000000086700000, 0x0000000086800000|  0%| F|  |TAMS 0x0000000086700000, 0x0000000086700000| Untracked 
|  78|0x0000000086800000, 0x0000000086800000, 0x0000000086900000|  0%| F|  |TAMS 0x0000000086800000, 0x0000000086800000| Untracked 
|  79|0x0000000086900000, 0x0000000086900000, 0x0000000086a00000|  0%| F|  |TAMS 0x0000000086900000, 0x0000000086900000| Untracked 
|  80|0x0000000086a00000, 0x0000000086a00000, 0x0000000086b00000|  0%| F|  |TAMS 0x0000000086a00000, 0x0000000086a00000| Untracked 
|  81|0x0000000086b00000, 0x0000000086b00000, 0x0000000086c00000|  0%| F|  |TAMS 0x0000000086b00000, 0x0000000086b00000| Untracked 
|  82|0x0000000086c00000, 0x0000000086c00000, 0x0000000086d00000|  0%| F|  |TAMS 0x0000000086c00000, 0x0000000086c00000| Untracked 
|  83|0x0000000086d00000, 0x0000000086d00000, 0x0000000086e00000|  0%| F|  |TAMS 0x0000000086d00000, 0x0000000086d00000| Untracked 
|  84|0x0000000086e00000, 0x0000000086e00000, 0x0000000086f00000|  0%| F|  |TAMS 0x0000000086e00000, 0x0000000086e00000| Untracked 
|  85|0x0000000086f00000, 0x0000000086f00000, 0x0000000087000000|  0%| F|  |TAMS 0x0000000086f00000, 0x0000000086f00000| Untracked 
|  86|0x0000000087000000, 0x0000000087000000, 0x0000000087100000|  0%| F|  |TAMS 0x0000000087000000, 0x0000000087000000| Untracked 
|  87|0x0000000087100000, 0x0000000087100000, 0x0000000087200000|  0%| F|  |TAMS 0x0000000087100000, 0x0000000087100000| Untracked 
|  88|0x0000000087200000, 0x0000000087200000, 0x0000000087300000|  0%| F|  |TAMS 0x0000000087200000, 0x0000000087200000| Untracked 
|  89|0x0000000087300000, 0x0000000087300000, 0x0000000087400000|  0%| F|  |TAMS 0x0000000087300000, 0x0000000087300000| Untracked 
|  90|0x0000000087400000, 0x0000000087400000, 0x0000000087500000|  0%| F|  |TAMS 0x0000000087400000, 0x0000000087400000| Untracked 
|  91|0x0000000087500000, 0x0000000087500000, 0x0000000087600000|  0%| F|  |TAMS 0x0000000087500000, 0x0000000087500000| Untracked 
|  92|0x0000000087600000, 0x0000000087600000, 0x0000000087700000|  0%| F|  |TAMS 0x0000000087600000, 0x0000000087600000| Untracked 
|  93|0x0000000087700000, 0x0000000087700000, 0x0000000087800000|  0%| F|  |TAMS 0x0000000087700000, 0x0000000087700000| Untracked 
|  94|0x0000000087800000, 0x0000000087800000, 0x0000000087900000|  0%| F|  |TAMS 0x0000000087800000, 0x0000000087800000| Untracked 
|  95|0x0000000087900000, 0x0000000087900000, 0x0000000087a00000|  0%| F|  |TAMS 0x0000000087900000, 0x0000000087900000| Untracked 
|  96|0x0000000087a00000, 0x0000000087a00000, 0x0000000087b00000|  0%| F|  |TAMS 0x0000000087a00000, 0x0000000087a00000| Untracked 
|  97|0x0000000087b00000, 0x0000000087b00000, 0x0000000087c00000|  0%| F|  |TAMS 0x0000000087b00000, 0x0000000087b00000| Untracked 
|  98|0x0000000087c00000, 0x0000000087c00000, 0x0000000087d00000|  0%| F|  |TAMS 0x0000000087c00000, 0x0000000087c00000| Untracked 
|  99|0x0000000087d00000, 0x0000000087d00000, 0x0000000087e00000|  0%| F|  |TAMS 0x0000000087d00000, 0x0000000087d00000| Untracked 
| 100|0x0000000087e00000, 0x0000000087e00000, 0x0000000087f00000|  0%| F|  |TAMS 0x0000000087e00000, 0x0000000087e00000| Untracked 
| 101|0x0000000087f00000, 0x0000000087f00000, 0x0000000088000000|  0%| F|  |TAMS 0x0000000087f00000, 0x0000000087f00000| Untracked 
| 102|0x0000000088000000, 0x0000000088000000, 0x0000000088100000|  0%| F|  |TAMS 0x0000000088000000, 0x0000000088000000| Untracked 
| 103|0x0000000088100000, 0x0000000088100000, 0x0000000088200000|  0%| F|  |TAMS 0x0000000088100000, 0x0000000088100000| Untracked 
| 104|0x0000000088200000, 0x0000000088200000, 0x0000000088300000|  0%| F|  |TAMS 0x0000000088200000, 0x0000000088200000| Untracked 
| 105|0x0000000088300000, 0x0000000088300000, 0x0000000088400000|  0%| F|  |TAMS 0x0000000088300000, 0x0000000088300000| Untracked 
| 106|0x0000000088400000, 0x0000000088400000, 0x0000000088500000|  0%| F|  |TAMS 0x0000000088400000, 0x0000000088400000| Untracked 
| 107|0x0000000088500000, 0x0000000088500000, 0x0000000088600000|  0%| F|  |TAMS 0x0000000088500000, 0x0000000088500000| Untracked 
| 108|0x0000000088600000, 0x0000000088600000, 0x0000000088700000|  0%| F|  |TAMS 0x0000000088600000, 0x0000000088600000| Untracked 
| 109|0x0000000088700000, 0x0000000088700000, 0x0000000088800000|  0%| F|  |TAMS 0x0000000088700000, 0x0000000088700000| Untracked 
| 110|0x0000000088800000, 0x0000000088800000, 0x0000000088900000|  0%| F|  |TAMS 0x0000000088800000, 0x0000000088800000| Untracked 
| 111|0x0000000088900000, 0x0000000088900000, 0x0000000088a00000|  0%| F|  |TAMS 0x0000000088900000, 0x0000000088900000| Untracked 
| 112|0x0000000088a00000, 0x0000000088a00000, 0x0000000088b00000|  0%| F|  |TAMS 0x0000000088a00000, 0x0000000088a00000| Untracked 
| 113|0x0000000088b00000, 0x0000000088b00000, 0x0000000088c00000|  0%| F|  |TAMS 0x0000000088b00000, 0x0000000088b00000| Untracked 
| 114|0x0000000088c00000, 0x0000000088c00000, 0x0000000088d00000|  0%| F|  |TAMS 0x0000000088c00000, 0x0000000088c00000| Untracked 
| 115|0x0000000088d00000, 0x0000000088d00000, 0x0000000088e00000|  0%| F|  |TAMS 0x0000000088d00000, 0x0000000088d00000| Untracked 
| 116|0x0000000088e00000, 0x0000000088e00000, 0x0000000088f00000|  0%| F|  |TAMS 0x0000000088e00000, 0x0000000088e00000| Untracked 
| 117|0x0000000088f00000, 0x0000000088f00000, 0x0000000089000000|  0%| F|  |TAMS 0x0000000088f00000, 0x0000000088f00000| Untracked 
| 118|0x0000000089000000, 0x0000000089000000, 0x0000000089100000|  0%| F|  |TAMS 0x0000000089000000, 0x0000000089000000| Untracked 
| 119|0x0000000089100000, 0x0000000089100000, 0x0000000089200000|  0%| F|  |TAMS 0x0000000089100000, 0x0000000089100000| Untracked 
| 120|0x0000000089200000, 0x0000000089200000, 0x0000000089300000|  0%| F|  |TAMS 0x0000000089200000, 0x0000000089200000| Untracked 
| 121|0x0000000089300000, 0x0000000089300000, 0x0000000089400000|  0%| F|  |TAMS 0x0000000089300000, 0x0000000089300000| Untracked 
| 122|0x0000000089400000, 0x0000000089400000, 0x0000000089500000|  0%| F|  |TAMS 0x0000000089400000, 0x0000000089400000| Untracked 
| 123|0x0000000089500000, 0x0000000089500000, 0x0000000089600000|  0%| F|  |TAMS 0x0000000089500000, 0x0000000089500000| Untracked 
| 124|0x0000000089600000, 0x0000000089600000, 0x0000000089700000|  0%| F|  |TAMS 0x0000000089600000, 0x0000000089600000| Untracked 
| 125|0x0000000089700000, 0x000000008977bcb8, 0x0000000089800000| 48%| E|  |TAMS 0x0000000089700000, 0x0000000089700000| Complete 
| 126|0x0000000089800000, 0x0000000089900000, 0x0000000089900000|100%| E|CS|TAMS 0x0000000089800000, 0x0000000089800000| Complete 
| 127|0x0000000089900000, 0x0000000089a00000, 0x0000000089a00000|100%| E|CS|TAMS 0x0000000089900000, 0x0000000089900000| Complete 

Card table byte_map: [0x000001abfc4d0000,0x000001abfc8d0000] _byte_map_base: 0x000001abfc0c3000

Marking Bits (Prev, Next): (CMBitMap*) 0x000001abfbd0b808, (CMBitMap*) 0x000001abfbd0b840
 Prev Bits: [0x000001abfccd0000, 0x000001abfec68000)
 Next Bits: [0x000001ab97250000, 0x000001ab991e8000)

Polling page: 0x000001abfb4a0000

Metaspace:

Usage:
  Non-class:      5.68 MB capacity,     5.64 MB (>99%) used,    37.30 KB ( <1%) free+waste,     3.75 KB ( <1%) overhead. 
      Class:    606.00 KB capacity,   550.30 KB ( 91%) used,    53.89 KB (  9%) free+waste,     1.81 KB ( <1%) overhead. 
       Both:      6.27 MB capacity,     6.18 MB ( 98%) used,    91.19 KB (  1%) free+waste,     5.56 KB ( <1%) overhead. 

Virtual space:
  Non-class space:        8.00 MB reserved,       5.75 MB ( 72%) committed 
      Class space:        1.00 GB reserved,     640.00 KB ( <1%) committed 
             Both:        1.01 GB reserved,       6.38 MB ( <1%) committed 

Chunk freelists:
   Non-Class:  896 bytes
       Class:  256 bytes
        Both:  1.13 KB

CodeHeap 'non-profiled nmethods': size=120000Kb used=67Kb max_used=67Kb free=119932Kb
 bounds [0x000001ab8fd20000, 0x000001ab8ff90000, 0x000001ab97250000]
CodeHeap 'profiled nmethods': size=120000Kb used=265Kb max_used=265Kb free=119734Kb
 bounds [0x000001ab887f0000, 0x000001ab88a60000, 0x000001ab8fd20000]
CodeHeap 'non-nmethods': size=5760Kb used=1129Kb max_used=1140Kb free=4630Kb
 bounds [0x000001ab88250000, 0x000001ab884c0000, 0x000001ab887f0000]
 total_blobs=617 nmethods=214 adapters=250
 compilation: enabled
              stopped_count=0, restarted_count=0
 full_count=0

Compilation events (10 events):
Event: 0.219 Thread 0x000001ab9b36e800 nmethod 210 0x000001ab8882fa90 code [0x000001ab8882fd00, 0x000001ab888309e0]
Event: 0.219 Thread 0x000001ab9b36e800  212       3       java.util.Arrays::copyOf (19 bytes)
Event: 0.219 Thread 0x000001ab9b36b000 nmethod 209 0x000001ab8fd30a10 code [0x000001ab8fd30ba0, 0x000001ab8fd30d58]
Event: 0.220 Thread 0x000001ab9b36e800 nmethod 212 0x000001ab88830e90 code [0x000001ab88831060, 0x000001ab888313b0]
Event: 0.220 Thread 0x000001ab9b36e800  211       3       java.lang.AbstractStringBuilder::<init> (39 bytes)
Event: 0.220 Thread 0x000001ab9b36e800 nmethod 211 0x000001ab88831510 code [0x000001ab888316e0, 0x000001ab888319b8]
Event: 0.220 Thread 0x000001ab9b36e800  213       3       java.lang.StringBuilder::toString (35 bytes)
Event: 0.220 Thread 0x000001ab9b36e800 nmethod 213 0x000001ab88831a90 code [0x000001ab88831c80, 0x000001ab888321a0]
Event: 0.222 Thread 0x000001ab9b36e800  214       3       java.lang.System::getSecurityManager (4 bytes)
Event: 0.222 Thread 0x000001ab9b36e800 nmethod 214 0x000001ab88832310 code [0x000001ab888324c0, 0x000001ab88832618]

GC Heap History (0 events):
No events

Deoptimization events (0 events):
No events

Classes redefined (2 events):
Event: 590.363 Thread 0x000001abff6cc800 redefined class name=Exercise29, count=1
Event: 1566.279 Thread 0x000001abff6cc800 redefined class name=Exercise29, count=2

Internal exceptions (0 events):
No events

Events (10 events):
Event: 1566.280 Executing VM operation: GetFrameCount done
Event: 1566.280 Executing VM operation: GetFrameCount
Event: 1566.280 Executing VM operation: GetFrameCount done
Event: 1566.280 Executing VM operation: GetStackTrace
Event: 1566.280 Executing VM operation: GetStackTrace done
Event: 1566.334 Executing VM operation: ChangeBreakpoints
Event: 1566.334 Executing VM operation: ChangeBreakpoints done
Event: 1566.334 Executing VM operation: ChangeBreakpoints
Event: 1566.334 Executing VM operation: ChangeBreakpoints done
Event: 1566.376 Executing VM operation: GetOrSetLocal


Dynamic libraries:
0x00007ff76d710000 - 0x00007ff76d757000 	C:\Program Files\Java\jdk-11.0.1\bin\java.exe
0x00007ffaa9a50000 - 0x00007ffaa9c31000 	C:\WINDOWS\SYSTEM32\ntdll.dll
0x00007ffa9c3a0000 - 0x00007ffa9c3b4000 	C:\Program Files (x86)\AVG\Antivirus\x64\aswhooka.dll
0x00007ffaa9670000 - 0x00007ffaa9722000 	C:\WINDOWS\System32\KERNEL32.DLL
0x00007ffaa5f30000 - 0x00007ffaa61a3000 	C:\WINDOWS\System32\KERNELBASE.dll
0x00007ffaa6f80000 - 0x00007ffaa7021000 	C:\WINDOWS\System32\ADVAPI32.dll
0x00007ffaa9730000 - 0x00007ffaa97ce000 	C:\WINDOWS\System32\msvcrt.dll
0x00007ffaa92f0000 - 0x00007ffaa934b000 	C:\WINDOWS\System32\sechost.dll
0x00007ffaa7030000 - 0x00007ffaa7154000 	C:\WINDOWS\System32\RPCRT4.dll
0x00007ffaa94e0000 - 0x00007ffaa9670000 	C:\WINDOWS\System32\USER32.dll
0x00007ffaa61b0000 - 0x00007ffaa61d0000 	C:\WINDOWS\System32\win32u.dll
0x00007ffaa99f0000 - 0x00007ffaa9a18000 	C:\WINDOWS\System32\GDI32.dll
0x00007ffaa64b0000 - 0x00007ffaa6642000 	C:\WINDOWS\System32\gdi32full.dll
0x00007ffaa63c0000 - 0x00007ffaa645f000 	C:\WINDOWS\System32\msvcp_win.dll
0x00007ffaa6650000 - 0x00007ffaa674a000 	C:\WINDOWS\System32\ucrtbase.dll
0x00007ffa9b380000 - 0x00007ffa9b5e9000 	C:\WINDOWS\WinSxS\amd64_microsoft.windows.common-controls_6595b64144ccf1df_6.0.17134.345_none_fb429a5930656358\COMCTL32.dll
0x00007ffaa7250000 - 0x00007ffaa7573000 	C:\WINDOWS\System32\combase.dll
0x00007ffaa6750000 - 0x00007ffaa67ca000 	C:\WINDOWS\System32\bcryptPrimitives.dll
0x00007ffa9e3b0000 - 0x00007ffa9e3ba000 	C:\WINDOWS\SYSTEM32\VERSION.dll
0x00007ffaa9070000 - 0x00007ffaa909d000 	C:\WINDOWS\System32\IMM32.DLL
0x00007ffaa1f70000 - 0x00007ffaa1f86000 	C:\Program Files\Java\jdk-11.0.1\bin\vcruntime140.dll
0x00007ffaa0c20000 - 0x00007ffaa0cca000 	C:\Program Files\Java\jdk-11.0.1\bin\msvcp140.dll
0x00007ffa754a0000 - 0x00007ffa75fe2000 	C:\Program Files\Java\jdk-11.0.1\bin\server\jvm.dll
0x00007ffaa7160000 - 0x00007ffaa7168000 	C:\WINDOWS\System32\PSAPI.DLL
0x00007ffaa09e0000 - 0x00007ffaa09e9000 	C:\WINDOWS\SYSTEM32\WSOCK32.dll
0x00007ffaa9100000 - 0x00007ffaa916c000 	C:\WINDOWS\System32\WS2_32.dll
0x00007ffaa27c0000 - 0x00007ffaa27e3000 	C:\WINDOWS\SYSTEM32\WINMM.dll
0x00007ffaa2740000 - 0x00007ffaa276a000 	C:\WINDOWS\SYSTEM32\WINMMBASE.dll
0x00007ffaa6460000 - 0x00007ffaa64a9000 	C:\WINDOWS\System32\cfgmgr32.dll
0x00007ffaa5e00000 - 0x00007ffaa5e11000 	C:\WINDOWS\System32\kernel.appcore.dll
0x00007ffaa1f50000 - 0x00007ffaa1f61000 	C:\Program Files\Java\jdk-11.0.1\bin\verify.dll
0x00007ffa91670000 - 0x00007ffa91839000 	C:\WINDOWS\SYSTEM32\DBGHELP.DLL
0x00007ffa91590000 - 0x00007ffa915b9000 	C:\WINDOWS\SYSTEM32\dbgcore.DLL
0x00007ffaa1760000 - 0x00007ffaa1789000 	C:\Program Files\Java\jdk-11.0.1\bin\java.dll
0x00007ffa9eaf0000 - 0x00007ffa9eb27000 	C:\Program Files\Java\jdk-11.0.1\bin\jdwp.dll
0x00007ffaa1550000 - 0x00007ffaa157f000 	C:\Program Files\Java\jdk-11.0.1\bin\instrument.dll
0x00007ffaa1e90000 - 0x00007ffaa1ea6000 	C:\Program Files\Java\jdk-11.0.1\bin\zip.dll
0x00007ffaa4040000 - 0x00007ffaa404a000 	C:\Program Files\Java\jdk-11.0.1\bin\jimage.dll
0x00007ffaa7720000 - 0x00007ffaa8b5f000 	C:\WINDOWS\System32\SHELL32.dll
0x00007ffaa97d0000 - 0x00007ffaa9879000 	C:\WINDOWS\System32\shcore.dll
0x00007ffaa67d0000 - 0x00007ffaa6edd000 	C:\WINDOWS\System32\windows.storage.dll
0x00007ffaa9010000 - 0x00007ffaa9061000 	C:\WINDOWS\System32\shlwapi.dll
0x00007ffaa5dd0000 - 0x00007ffaa5def000 	C:\WINDOWS\System32\profapi.dll
0x00007ffaa5d60000 - 0x00007ffaa5dac000 	C:\WINDOWS\System32\powrprof.dll
0x00007ffaa5df0000 - 0x00007ffaa5dfa000 	C:\WINDOWS\System32\FLTLIB.DLL
0x00007ffaa4020000 - 0x00007ffaa402a000 	C:\Program Files\Java\jdk-11.0.1\bin\dt_socket.dll
0x00007ffaa55e0000 - 0x00007ffaa5646000 	C:\WINDOWS\system32\mswsock.dll
0x00007ffaa1e40000 - 0x00007ffaa1e59000 	C:\Program Files\Java\jdk-11.0.1\bin\net.dll
0x00007ffaa1060000 - 0x00007ffaa113c000 	C:\WINDOWS\SYSTEM32\WINHTTP.dll
0x00007ffaa1740000 - 0x00007ffaa1753000 	C:\Program Files\Java\jdk-11.0.1\bin\nio.dll

dbghelp: loaded successfully - version: 4.0.5 - missing functions: none
symbol engine: initialized successfully - sym options: 0x614 - pdb path: .;C:\Program Files\Java\jdk-11.0.1\bin;C:\WINDOWS\SYSTEM32;C:\Program Files (x86)\AVG\Antivirus\x64;C:\WINDOWS\WinSxS\amd64_microsoft.windows.common-controls_6595b64144ccf1df_6.0.17134.345_none_fb429a5930656358;C:\Program Files\Java\jdk-11.0.1\bin\server

VM Arguments:
jvm_args: -agentlib:jdwp=transport=dt_socket,address=127.0.0.1:64466,suspend=y,server=n -javaagent:C:\Users\Péter\.IntelliJIdea2018.2\system\captureAgent\debugger-agent.jar=file:/C:/Users/P%C3%A9ter/AppData/Local/Temp/capture.props -Dfile.encoding=UTF-8 
java_command: Exercise29
java_class_path (initial): C:\Users\Péter\Desktop\home\piotriljics\week-02\Day1\javaworkshop1\out\production\javaworkshop1;C:\Program Files\JetBrains\IntelliJ IDEA 2018.2.5\lib\idea_rt.jar
Launcher Type: SUN_STANDARD

[Global flags]
     intx CICompilerCount                          = 4                                         {product} {ergonomic}
     uint ConcGCThreads                            = 2                                         {product} {ergonomic}
     uint G1ConcRefinementThreads                  = 8                                         {product} {ergonomic}
   size_t G1HeapRegionSize                         = 1048576                                   {product} {ergonomic}
    uintx GCDrainStackTargetSize                   = 64                                        {product} {ergonomic}
   size_t InitialHeapSize                          = 134217728                                 {product} {ergonomic}
   size_t MarkStackSize                            = 4194304                                   {product} {ergonomic}
   size_t MaxHeapSize                              = 2120220672                                {product} {ergonomic}
   size_t MaxNewSize                               = 1271922688                                {product} {ergonomic}
   size_t MinHeapDeltaBytes                        = 1048576                                   {product} {ergonomic}
    uintx NonNMethodCodeHeapSize                   = 5835340                                {pd product} {ergonomic}
    uintx NonProfiledCodeHeapSize                  = 122911450                              {pd product} {ergonomic}
    uintx ProfiledCodeHeapSize                     = 122911450                              {pd product} {ergonomic}
    uintx ReservedCodeCacheSize                    = 251658240                              {pd product} {ergonomic}
     bool SegmentedCodeCache                       = true                                      {product} {ergonomic}
     bool UseCompressedClassPointers               = true                                 {lp64_product} {ergonomic}
     bool UseCompressedOops                        = true                                 {lp64_product} {ergonomic}
     bool UseG1GC                                  = true                                      {product} {ergonomic}
     bool UseLargePagesIndividualAllocation        = false                                  {pd product} {ergonomic}

Logging:
Log output configuration:
 #0: stdout all=warning uptime,level,tags
 #1: stderr all=off uptime,level,tags

Environment Variables:
JAVA_HOME=C:\Program Files\Java\jdk-11.0.1
PATH=C:\Program Files (x86)\Common Files\Oracle\Java\javapath;C:\ProgramData\Oracle\Java\javapath;C:\Windows\system32;C:\Windows;C:\Windows\System32\Wbem;C:\Windows\System32\WindowsPowerShell\v1.0\;C:\Program Files (x86)\NVIDIA Corporation\PhysX\Common;C:\WINDOWS\system32;C:\WINDOWS;C:\WINDOWS\System32\Wbem;C:\WINDOWS\System32\WindowsPowerShell\v1.0\;C:\WINDOWS\System32\OpenSSH\;C:\Program Files\Git\cmd;C:\Users\Péter\AppData\Local\Microsoft\WindowsApps;C:\Users\Péter\AppData\Local\Programs\Microsoft VS Code\bin;C:\Users\Péter\AppData\Local\GitHubDesktop\bin;C:\Users\Péter\AppData\Local\atom\bin;C:\Program Files\Java\jdk1.8.0\bin;C:\Users\Péter\AppData\Local\Microsoft\WindowsApps;C:\Users\Péter\AppData\Local\Programs\Microsoft VS Code\bin;C:\Users\Péter\AppData\Local\GitHubDesktop\bin;C:\Users\Péter\AppData\Local\atom\bin
USERNAME=Péter
OS=Windows_NT
PROCESSOR_IDENTIFIER=Intel64 Family 6 Model 94 Stepping 3, GenuineIntel



---------------  S Y S T E M  ---------------

OS: Windows 10 , 64 bit Build 17134 (10.0.17134.1)

CPU:total 8 (initial active 8) (4 cores per cpu, 2 threads per core) family 6 model 94 stepping 3, cmov, cx8, fxsr, mmx, sse, sse2, sse3, ssse3, sse4.1, sse4.2, popcnt, avx, avx2, aes, clmul, erms, rtm, 3dnowpref, lzcnt, ht, tsc, tscinvbit, bmi1, bmi2, adx, fma

Memory: 4k page, system-wide physical 8082M (4144M free)
TotalPageFile size 9362M (AvailPageFile size 3405M)
current process WorkingSet (physical memory assigned to process): 31M, peak: 37M
current process commit charge ("private bytes"): 206M, peak: 207M

vm_info: Java HotSpot(TM) 64-Bit Server VM (11.0.1+13-LTS) for windows-amd64 JRE (11.0.1+13-LTS), built on Oct  6 2018 13:20:16 by "mach5one" with MS VC++ 15.5 (VS2017)

END.
