#
# A fatal error has been detected by the Java Runtime Environment:
#
#  Internal Error (t:/workspace/open/src/hotspot/share/oops/generateOopMap.cpp:2164), pid=6944, tid=1272
#  fatal error: Illegal class file encountered. Try running with -Xverify:all in method triangle
#
# JRE version: Java(TM) SE Runtime Environment (11.0.1+13) (build 11.0.1+13-LTS)
# Java VM: Java HotSpot(TM) 64-Bit Server VM (11.0.1+13-LTS, mixed mode, tiered, compressed oops, g1 gc, windows-amd64)
# No core dump will be written. Minidumps are not enabled by default on client versions of Windows
#
# If you would like to submit a bug report, please visit:
#   http://bugreport.java.com/bugreport/crash.jsp
#

---------------  S U M M A R Y ------------

Command Line: -agentlib:jdwp=transport=dt_socket,address=127.0.0.1:60179,suspend=y,server=n -javaagent:C:\Users\Péter\.IntelliJIdea2018.2\system\captureAgent\debugger-agent.jar=file:/C:/Users/P%C3%A9ter/AppData/Local/Temp/capture.props -Dfile.encoding=UTF-8 Triangle

Host: Intel(R) Core(TM) i7-6700HQ CPU @ 2.60GHz, 8 cores, 7G,  Windows 10 , 64 bit Build 17134 (10.0.17134.1)
Time: Thu Nov  8 22:40:25 2018 Central Europe Standard Time elapsed time: 156 seconds (0d 0h 2m 36s)

---------------  T H R E A D  ---------------

Current thread (0x000001ed30a2a800):  VMThread "VM Thread" [stack: 0x000000d7d6a00000,0x000000d7d6b00000] [id=1272]

Stack: [0x000000d7d6a00000,0x000000d7d6b00000]
[error occurred during error reporting (printing stack bounds), id 0xc0000005, EXCEPTION_ACCESS_VIOLATION (0xc0000005) at pc=0x000001ed1a160bad]

Native frames: (J=compiled Java code, j=interpreted, Vv=VM code, C=native code)
V  [jvm.dll+0x63c21a]
V  [jvm.dll+0x7797df]
V  [jvm.dll+0x77adca]
V  [jvm.dll+0x77b3e5]
V  [jvm.dll+0x77b39b]
V  [jvm.dll+0x63b916]
V  [jvm.dll+0x63bce8]
C  [ntdll.dll+0x9ed2d]
C  [ntdll.dll+0x6c86]
C  [ntdll.dll+0x9dc5e]
C  0x000001ed1a160bad

VM_Operation (0x000000d7d74fefd0): GetOrSetLocal, mode: safepoint, requested by thread 0x000001ed316bb000


---------------  P R O C E S S  ---------------

Threads class SMR info:
_java_thread_list=0x000001ed33636cc0, length=17, elements={
0x000001ed30a4d000, 0x000001ed30a56800, 0x000001ed313b6800, 0x000001ed313b8000,
0x000001ed313bb000, 0x000001ed313be800, 0x000001ed313c1800, 0x000001ed309e4000,
0x000001ed316bb000, 0x000001ed316cd000, 0x000001ed316cd800, 0x000001ed316c7000,
0x000001ed31963800, 0x000001ed31964800, 0x000001ed3192d000, 0x000001ed3302c000,
0x000001ed11e3a800
}

Java Threads: ( => current thread )
  0x000001ed30a4d000 JavaThread "Reference Handler" daemon [_thread_blocked, id=10844, stack(0x000000d7d6b00000,0x000000d7d6c00000)]
  0x000001ed30a56800 JavaThread "Finalizer" daemon [_thread_blocked, id=1308, stack(0x000000d7d6c00000,0x000000d7d6d00000)]
  0x000001ed313b6800 JavaThread "Signal Dispatcher" daemon [_thread_blocked, id=14904, stack(0x000000d7d6d00000,0x000000d7d6e00000)]
  0x000001ed313b8000 JavaThread "Attach Listener" daemon [_thread_blocked, id=10044, stack(0x000000d7d6e00000,0x000000d7d6f00000)]
  0x000001ed313bb000 JavaThread "C2 CompilerThread0" daemon [_thread_blocked, id=9836, stack(0x000000d7d6f00000,0x000000d7d7000000)]
  0x000001ed313be800 JavaThread "C1 CompilerThread0" daemon [_thread_blocked, id=3176, stack(0x000000d7d7000000,0x000000d7d7100000)]
  0x000001ed313c1800 JavaThread "Sweeper thread" daemon [_thread_blocked, id=5904, stack(0x000000d7d7100000,0x000000d7d7200000)]
  0x000001ed309e4000 JavaThread "Common-Cleaner" daemon [_thread_blocked, id=9508, stack(0x000000d7d7200000,0x000000d7d7300000)]
  0x000001ed316bb000 JavaThread "JDWP Transport Listener: dt_socket" daemon [_thread_blocked, id=2444, stack(0x000000d7d7400000,0x000000d7d7500000)] _threads_hazard_ptr=0x000001ed33636cc0
  0x000001ed316cd000 JavaThread "JDWP Event Helper Thread" daemon [_thread_blocked, id=9024, stack(0x000000d7d7500000,0x000000d7d7600000)]
  0x000001ed316cd800 JavaThread "JDWP Command Reader" daemon [_thread_in_native, id=12412, stack(0x000000d7d7600000,0x000000d7d7700000)]
  0x000001ed316c7000 JavaThread "Service Thread" daemon [_thread_blocked, id=13372, stack(0x000000d7d7700000,0x000000d7d7800000)]
  0x000001ed31963800 JavaThread "Java2D Disposer" daemon [_thread_blocked, id=11988, stack(0x000000d7d7900000,0x000000d7d7a00000)]
  0x000001ed31964800 JavaThread "AWT-Shutdown" [_thread_blocked, id=6404, stack(0x000000d7d7a00000,0x000000d7d7b00000)]
  0x000001ed3192d000 JavaThread "AWT-Windows" daemon [_thread_blocked, id=13056, stack(0x000000d7d7b00000,0x000000d7d7c00000)]
  0x000001ed3302c000 JavaThread "AWT-EventQueue-0" [_thread_blocked, id=10760, stack(0x000000d7d7c00000,0x000000d7d7d00000)]
  0x000001ed11e3a800 JavaThread "DestroyJavaVM" [_thread_blocked, id=12388, stack(0x000000d7d6400000,0x000000d7d6500000)]

Other Threads:
=>0x000001ed30a2a800 VMThread "VM Thread" [stack: 0x000000d7d6a00000,0x000000d7d6b00000] [id=1272]
  0x000001ed316f0000 WatcherThread [stack: 0x000000d7d7800000,0x000000d7d7900000] [id=10520]
  0x000001ed11e4f800 GCTaskThread "GC Thread#0" [stack: 0x000000d7d6500000,0x000000d7d6600000] [id=4392]
  0x000001ed11e84000 ConcurrentGCThread "G1 Main Marker" [stack: 0x000000d7d6600000,0x000000d7d6700000] [id=2900]
  0x000001ed11e86800 ConcurrentGCThread "G1 Conc#0" [stack: 0x000000d7d6700000,0x000000d7d6800000] [id=11144]
  0x000001ed30888800 ConcurrentGCThread "G1 Refine#0" [stack: 0x000000d7d6800000,0x000000d7d6900000] [id=10940]
  0x000001ed30889000 ConcurrentGCThread "G1 Young RemSet Sampling" [stack: 0x000000d7d6900000,0x000000d7d6a00000] [id=10960]

Threads with active compile tasks:

VM state:at safepoint (normal execution)

VM Mutex/Monitor currently owned by a thread:  ([mutex/lock_event])
[0x000001ed11e396d0] Threads_lock - owner thread: 0x000001ed30a2a800

Heap address: 0x0000000081a00000, size: 2022 MB, Compressed Oops mode: 32-bit
Narrow klass base: 0x0000000000000000, Narrow klass shift: 3
Compressed class space size: 1073741824 Address: 0x0000000100000000

Heap:
 garbage-first heap   total 131072K, used 16384K [0x0000000081a00000, 0x0000000100000000)
  region size 1024K, 17 young (17408K), 0 survivors (0K)
 Metaspace       used 13765K, capacity 14277K, committed 14592K, reserved 1062912K
  class space    used 1465K, capacity 1711K, committed 1792K, reserved 1048576K
Heap Regions: E=young(eden), S=young(survivor), O=old, HS=humongous(starts), HC=humongous(continues), CS=collection set, F=free, A=archive, TAMS=top-at-mark-start (previous, next)
|   0|0x0000000081a00000, 0x0000000081b00000, 0x0000000081b00000|100%|HS|  |TAMS 0x0000000081a00000, 0x0000000081a00000| Complete 
|   1|0x0000000081b00000, 0x0000000081b00000, 0x0000000081c00000|  0%| F|  |TAMS 0x0000000081b00000, 0x0000000081b00000| Untracked 
|   2|0x0000000081c00000, 0x0000000081c00000, 0x0000000081d00000|  0%| F|  |TAMS 0x0000000081c00000, 0x0000000081c00000| Untracked 
|   3|0x0000000081d00000, 0x0000000081d00000, 0x0000000081e00000|  0%| F|  |TAMS 0x0000000081d00000, 0x0000000081d00000| Untracked 
|   4|0x0000000081e00000, 0x0000000081e00000, 0x0000000081f00000|  0%| F|  |TAMS 0x0000000081e00000, 0x0000000081e00000| Untracked 
|   5|0x0000000081f00000, 0x0000000081f00000, 0x0000000082000000|  0%| F|  |TAMS 0x0000000081f00000, 0x0000000081f00000| Untracked 
|   6|0x0000000082000000, 0x0000000082000000, 0x0000000082100000|  0%| F|  |TAMS 0x0000000082000000, 0x0000000082000000| Untracked 
|   7|0x0000000082100000, 0x0000000082100000, 0x0000000082200000|  0%| F|  |TAMS 0x0000000082100000, 0x0000000082100000| Untracked 
|   8|0x0000000082200000, 0x0000000082200000, 0x0000000082300000|  0%| F|  |TAMS 0x0000000082200000, 0x0000000082200000| Untracked 
|   9|0x0000000082300000, 0x0000000082300000, 0x0000000082400000|  0%| F|  |TAMS 0x0000000082300000, 0x0000000082300000| Untracked 
|  10|0x0000000082400000, 0x0000000082400000, 0x0000000082500000|  0%| F|  |TAMS 0x0000000082400000, 0x0000000082400000| Untracked 
|  11|0x0000000082500000, 0x0000000082500000, 0x0000000082600000|  0%| F|  |TAMS 0x0000000082500000, 0x0000000082500000| Untracked 
|  12|0x0000000082600000, 0x0000000082600000, 0x0000000082700000|  0%| F|  |TAMS 0x0000000082600000, 0x0000000082600000| Untracked 
|  13|0x0000000082700000, 0x0000000082700000, 0x0000000082800000|  0%| F|  |TAMS 0x0000000082700000, 0x0000000082700000| Untracked 
|  14|0x0000000082800000, 0x0000000082800000, 0x0000000082900000|  0%| F|  |TAMS 0x0000000082800000, 0x0000000082800000| Untracked 
|  15|0x0000000082900000, 0x0000000082900000, 0x0000000082a00000|  0%| F|  |TAMS 0x0000000082900000, 0x0000000082900000| Untracked 
|  16|0x0000000082a00000, 0x0000000082a00000, 0x0000000082b00000|  0%| F|  |TAMS 0x0000000082a00000, 0x0000000082a00000| Untracked 
|  17|0x0000000082b00000, 0x0000000082b00000, 0x0000000082c00000|  0%| F|  |TAMS 0x0000000082b00000, 0x0000000082b00000| Untracked 
|  18|0x0000000082c00000, 0x0000000082c00000, 0x0000000082d00000|  0%| F|  |TAMS 0x0000000082c00000, 0x0000000082c00000| Untracked 
|  19|0x0000000082d00000, 0x0000000082d00000, 0x0000000082e00000|  0%| F|  |TAMS 0x0000000082d00000, 0x0000000082d00000| Untracked 
|  20|0x0000000082e00000, 0x0000000082e00000, 0x0000000082f00000|  0%| F|  |TAMS 0x0000000082e00000, 0x0000000082e00000| Untracked 
|  21|0x0000000082f00000, 0x0000000082f00000, 0x0000000083000000|  0%| F|  |TAMS 0x0000000082f00000, 0x0000000082f00000| Untracked 
|  22|0x0000000083000000, 0x0000000083000000, 0x0000000083100000|  0%| F|  |TAMS 0x0000000083000000, 0x0000000083000000| Untracked 
|  23|0x0000000083100000, 0x0000000083100000, 0x0000000083200000|  0%| F|  |TAMS 0x0000000083100000, 0x0000000083100000| Untracked 
|  24|0x0000000083200000, 0x0000000083200000, 0x0000000083300000|  0%| F|  |TAMS 0x0000000083200000, 0x0000000083200000| Untracked 
|  25|0x0000000083300000, 0x0000000083300000, 0x0000000083400000|  0%| F|  |TAMS 0x0000000083300000, 0x0000000083300000| Untracked 
|  26|0x0000000083400000, 0x0000000083400000, 0x0000000083500000|  0%| F|  |TAMS 0x0000000083400000, 0x0000000083400000| Untracked 
|  27|0x0000000083500000, 0x0000000083500000, 0x0000000083600000|  0%| F|  |TAMS 0x0000000083500000, 0x0000000083500000| Untracked 
|  28|0x0000000083600000, 0x0000000083600000, 0x0000000083700000|  0%| F|  |TAMS 0x0000000083600000, 0x0000000083600000| Untracked 
|  29|0x0000000083700000, 0x0000000083700000, 0x0000000083800000|  0%| F|  |TAMS 0x0000000083700000, 0x0000000083700000| Untracked 
|  30|0x0000000083800000, 0x0000000083800000, 0x0000000083900000|  0%| F|  |TAMS 0x0000000083800000, 0x0000000083800000| Untracked 
|  31|0x0000000083900000, 0x0000000083900000, 0x0000000083a00000|  0%| F|  |TAMS 0x0000000083900000, 0x0000000083900000| Untracked 
|  32|0x0000000083a00000, 0x0000000083a00000, 0x0000000083b00000|  0%| F|  |TAMS 0x0000000083a00000, 0x0000000083a00000| Untracked 
|  33|0x0000000083b00000, 0x0000000083b00000, 0x0000000083c00000|  0%| F|  |TAMS 0x0000000083b00000, 0x0000000083b00000| Untracked 
|  34|0x0000000083c00000, 0x0000000083c00000, 0x0000000083d00000|  0%| F|  |TAMS 0x0000000083c00000, 0x0000000083c00000| Untracked 
|  35|0x0000000083d00000, 0x0000000083d00000, 0x0000000083e00000|  0%| F|  |TAMS 0x0000000083d00000, 0x0000000083d00000| Untracked 
|  36|0x0000000083e00000, 0x0000000083e00000, 0x0000000083f00000|  0%| F|  |TAMS 0x0000000083e00000, 0x0000000083e00000| Untracked 
|  37|0x0000000083f00000, 0x0000000083f00000, 0x0000000084000000|  0%| F|  |TAMS 0x0000000083f00000, 0x0000000083f00000| Untracked 
|  38|0x0000000084000000, 0x0000000084000000, 0x0000000084100000|  0%| F|  |TAMS 0x0000000084000000, 0x0000000084000000| Untracked 
|  39|0x0000000084100000, 0x0000000084100000, 0x0000000084200000|  0%| F|  |TAMS 0x0000000084100000, 0x0000000084100000| Untracked 
|  40|0x0000000084200000, 0x0000000084200000, 0x0000000084300000|  0%| F|  |TAMS 0x0000000084200000, 0x0000000084200000| Untracked 
|  41|0x0000000084300000, 0x0000000084300000, 0x0000000084400000|  0%| F|  |TAMS 0x0000000084300000, 0x0000000084300000| Untracked 
|  42|0x0000000084400000, 0x0000000084400000, 0x0000000084500000|  0%| F|  |TAMS 0x0000000084400000, 0x0000000084400000| Untracked 
|  43|0x0000000084500000, 0x0000000084500000, 0x0000000084600000|  0%| F|  |TAMS 0x0000000084500000, 0x0000000084500000| Untracked 
|  44|0x0000000084600000, 0x0000000084600000, 0x0000000084700000|  0%| F|  |TAMS 0x0000000084600000, 0x0000000084600000| Untracked 
|  45|0x0000000084700000, 0x0000000084700000, 0x0000000084800000|  0%| F|  |TAMS 0x0000000084700000, 0x0000000084700000| Untracked 
|  46|0x0000000084800000, 0x0000000084800000, 0x0000000084900000|  0%| F|  |TAMS 0x0000000084800000, 0x0000000084800000| Untracked 
|  47|0x0000000084900000, 0x0000000084900000, 0x0000000084a00000|  0%| F|  |TAMS 0x0000000084900000, 0x0000000084900000| Untracked 
|  48|0x0000000084a00000, 0x0000000084a00000, 0x0000000084b00000|  0%| F|  |TAMS 0x0000000084a00000, 0x0000000084a00000| Untracked 
|  49|0x0000000084b00000, 0x0000000084b00000, 0x0000000084c00000|  0%| F|  |TAMS 0x0000000084b00000, 0x0000000084b00000| Untracked 
|  50|0x0000000084c00000, 0x0000000084c00000, 0x0000000084d00000|  0%| F|  |TAMS 0x0000000084c00000, 0x0000000084c00000| Untracked 
|  51|0x0000000084d00000, 0x0000000084d00000, 0x0000000084e00000|  0%| F|  |TAMS 0x0000000084d00000, 0x0000000084d00000| Untracked 
|  52|0x0000000084e00000, 0x0000000084e00000, 0x0000000084f00000|  0%| F|  |TAMS 0x0000000084e00000, 0x0000000084e00000| Untracked 
|  53|0x0000000084f00000, 0x0000000084f00000, 0x0000000085000000|  0%| F|  |TAMS 0x0000000084f00000, 0x0000000084f00000| Untracked 
|  54|0x0000000085000000, 0x0000000085000000, 0x0000000085100000|  0%| F|  |TAMS 0x0000000085000000, 0x0000000085000000| Untracked 
|  55|0x0000000085100000, 0x0000000085100000, 0x0000000085200000|  0%| F|  |TAMS 0x0000000085100000, 0x0000000085100000| Untracked 
|  56|0x0000000085200000, 0x0000000085200000, 0x0000000085300000|  0%| F|  |TAMS 0x0000000085200000, 0x0000000085200000| Untracked 
|  57|0x0000000085300000, 0x0000000085300000, 0x0000000085400000|  0%| F|  |TAMS 0x0000000085300000, 0x0000000085300000| Untracked 
|  58|0x0000000085400000, 0x0000000085400000, 0x0000000085500000|  0%| F|  |TAMS 0x0000000085400000, 0x0000000085400000| Untracked 
|  59|0x0000000085500000, 0x0000000085500000, 0x0000000085600000|  0%| F|  |TAMS 0x0000000085500000, 0x0000000085500000| Untracked 
|  60|0x0000000085600000, 0x0000000085600000, 0x0000000085700000|  0%| F|  |TAMS 0x0000000085600000, 0x0000000085600000| Untracked 
|  61|0x0000000085700000, 0x0000000085700000, 0x0000000085800000|  0%| F|  |TAMS 0x0000000085700000, 0x0000000085700000| Untracked 
|  62|0x0000000085800000, 0x0000000085800000, 0x0000000085900000|  0%| F|  |TAMS 0x0000000085800000, 0x0000000085800000| Untracked 
|  63|0x0000000085900000, 0x0000000085900000, 0x0000000085a00000|  0%| F|  |TAMS 0x0000000085900000, 0x0000000085900000| Untracked 
|  64|0x0000000085a00000, 0x0000000085a00000, 0x0000000085b00000|  0%| F|  |TAMS 0x0000000085a00000, 0x0000000085a00000| Untracked 
|  65|0x0000000085b00000, 0x0000000085b00000, 0x0000000085c00000|  0%| F|  |TAMS 0x0000000085b00000, 0x0000000085b00000| Untracked 
|  66|0x0000000085c00000, 0x0000000085c00000, 0x0000000085d00000|  0%| F|  |TAMS 0x0000000085c00000, 0x0000000085c00000| Untracked 
|  67|0x0000000085d00000, 0x0000000085d00000, 0x0000000085e00000|  0%| F|  |TAMS 0x0000000085d00000, 0x0000000085d00000| Untracked 
|  68|0x0000000085e00000, 0x0000000085e00000, 0x0000000085f00000|  0%| F|  |TAMS 0x0000000085e00000, 0x0000000085e00000| Untracked 
|  69|0x0000000085f00000, 0x0000000085f00000, 0x0000000086000000|  0%| F|  |TAMS 0x0000000085f00000, 0x0000000085f00000| Untracked 
|  70|0x0000000086000000, 0x0000000086000000, 0x0000000086100000|  0%| F|  |TAMS 0x0000000086000000, 0x0000000086000000| Untracked 
|  71|0x0000000086100000, 0x0000000086100000, 0x0000000086200000|  0%| F|  |TAMS 0x0000000086100000, 0x0000000086100000| Untracked 
|  72|0x0000000086200000, 0x0000000086200000, 0x0000000086300000|  0%| F|  |TAMS 0x0000000086200000, 0x0000000086200000| Untracked 
|  73|0x0000000086300000, 0x0000000086300000, 0x0000000086400000|  0%| F|  |TAMS 0x0000000086300000, 0x0000000086300000| Untracked 
|  74|0x0000000086400000, 0x0000000086400000, 0x0000000086500000|  0%| F|  |TAMS 0x0000000086400000, 0x0000000086400000| Untracked 
|  75|0x0000000086500000, 0x0000000086500000, 0x0000000086600000|  0%| F|  |TAMS 0x0000000086500000, 0x0000000086500000| Untracked 
|  76|0x0000000086600000, 0x0000000086600000, 0x0000000086700000|  0%| F|  |TAMS 0x0000000086600000, 0x0000000086600000| Untracked 
|  77|0x0000000086700000, 0x0000000086700000, 0x0000000086800000|  0%| F|  |TAMS 0x0000000086700000, 0x0000000086700000| Untracked 
|  78|0x0000000086800000, 0x0000000086800000, 0x0000000086900000|  0%| F|  |TAMS 0x0000000086800000, 0x0000000086800000| Untracked 
|  79|0x0000000086900000, 0x0000000086900000, 0x0000000086a00000|  0%| F|  |TAMS 0x0000000086900000, 0x0000000086900000| Untracked 
|  80|0x0000000086a00000, 0x0000000086a00000, 0x0000000086b00000|  0%| F|  |TAMS 0x0000000086a00000, 0x0000000086a00000| Untracked 
|  81|0x0000000086b00000, 0x0000000086b00000, 0x0000000086c00000|  0%| F|  |TAMS 0x0000000086b00000, 0x0000000086b00000| Untracked 
|  82|0x0000000086c00000, 0x0000000086c00000, 0x0000000086d00000|  0%| F|  |TAMS 0x0000000086c00000, 0x0000000086c00000| Untracked 
|  83|0x0000000086d00000, 0x0000000086d00000, 0x0000000086e00000|  0%| F|  |TAMS 0x0000000086d00000, 0x0000000086d00000| Untracked 
|  84|0x0000000086e00000, 0x0000000086e00000, 0x0000000086f00000|  0%| F|  |TAMS 0x0000000086e00000, 0x0000000086e00000| Untracked 
|  85|0x0000000086f00000, 0x0000000086f00000, 0x0000000087000000|  0%| F|  |TAMS 0x0000000086f00000, 0x0000000086f00000| Untracked 
|  86|0x0000000087000000, 0x0000000087000000, 0x0000000087100000|  0%| F|  |TAMS 0x0000000087000000, 0x0000000087000000| Untracked 
|  87|0x0000000087100000, 0x0000000087100000, 0x0000000087200000|  0%| F|  |TAMS 0x0000000087100000, 0x0000000087100000| Untracked 
|  88|0x0000000087200000, 0x0000000087200000, 0x0000000087300000|  0%| F|  |TAMS 0x0000000087200000, 0x0000000087200000| Untracked 
|  89|0x0000000087300000, 0x0000000087300000, 0x0000000087400000|  0%| F|  |TAMS 0x0000000087300000, 0x0000000087300000| Untracked 
|  90|0x0000000087400000, 0x0000000087400000, 0x0000000087500000|  0%| F|  |TAMS 0x0000000087400000, 0x0000000087400000| Untracked 
|  91|0x0000000087500000, 0x0000000087500000, 0x0000000087600000|  0%| F|  |TAMS 0x0000000087500000, 0x0000000087500000| Untracked 
|  92|0x0000000087600000, 0x0000000087600000, 0x0000000087700000|  0%| F|  |TAMS 0x0000000087600000, 0x0000000087600000| Untracked 
|  93|0x0000000087700000, 0x0000000087700000, 0x0000000087800000|  0%| F|  |TAMS 0x0000000087700000, 0x0000000087700000| Untracked 
|  94|0x0000000087800000, 0x0000000087800000, 0x0000000087900000|  0%| F|  |TAMS 0x0000000087800000, 0x0000000087800000| Untracked 
|  95|0x0000000087900000, 0x0000000087900000, 0x0000000087a00000|  0%| F|  |TAMS 0x0000000087900000, 0x0000000087900000| Untracked 
|  96|0x0000000087a00000, 0x0000000087a00000, 0x0000000087b00000|  0%| F|  |TAMS 0x0000000087a00000, 0x0000000087a00000| Untracked 
|  97|0x0000000087b00000, 0x0000000087b00000, 0x0000000087c00000|  0%| F|  |TAMS 0x0000000087b00000, 0x0000000087b00000| Untracked 
|  98|0x0000000087c00000, 0x0000000087c00000, 0x0000000087d00000|  0%| F|  |TAMS 0x0000000087c00000, 0x0000000087c00000| Untracked 
|  99|0x0000000087d00000, 0x0000000087d00000, 0x0000000087e00000|  0%| F|  |TAMS 0x0000000087d00000, 0x0000000087d00000| Untracked 
| 100|0x0000000087e00000, 0x0000000087e00000, 0x0000000087f00000|  0%| F|  |TAMS 0x0000000087e00000, 0x0000000087e00000| Untracked 
| 101|0x0000000087f00000, 0x0000000087f00000, 0x0000000088000000|  0%| F|  |TAMS 0x0000000087f00000, 0x0000000087f00000| Untracked 
| 102|0x0000000088000000, 0x0000000088000000, 0x0000000088100000|  0%| F|  |TAMS 0x0000000088000000, 0x0000000088000000| Untracked 
| 103|0x0000000088100000, 0x0000000088100000, 0x0000000088200000|  0%| F|  |TAMS 0x0000000088100000, 0x0000000088100000| Untracked 
| 104|0x0000000088200000, 0x0000000088200000, 0x0000000088300000|  0%| F|  |TAMS 0x0000000088200000, 0x0000000088200000| Untracked 
| 105|0x0000000088300000, 0x0000000088300000, 0x0000000088400000|  0%| F|  |TAMS 0x0000000088300000, 0x0000000088300000| Untracked 
| 106|0x0000000088400000, 0x0000000088400000, 0x0000000088500000|  0%| F|  |TAMS 0x0000000088400000, 0x0000000088400000| Untracked 
| 107|0x0000000088500000, 0x0000000088500000, 0x0000000088600000|  0%| F|  |TAMS 0x0000000088500000, 0x0000000088500000| Untracked 
| 108|0x0000000088600000, 0x0000000088600000, 0x0000000088700000|  0%| F|  |TAMS 0x0000000088600000, 0x0000000088600000| Untracked 
| 109|0x0000000088700000, 0x0000000088700000, 0x0000000088800000|  0%| F|  |TAMS 0x0000000088700000, 0x0000000088700000| Untracked 
| 110|0x0000000088800000, 0x0000000088800000, 0x0000000088900000|  0%| F|  |TAMS 0x0000000088800000, 0x0000000088800000| Untracked 
| 111|0x0000000088900000, 0x00000000889f6478, 0x0000000088a00000| 96%| E|  |TAMS 0x0000000088900000, 0x0000000088900000| Complete 
| 112|0x0000000088a00000, 0x0000000088b00000, 0x0000000088b00000|100%| E|CS|TAMS 0x0000000088a00000, 0x0000000088a00000| Complete 
| 113|0x0000000088b00000, 0x0000000088c00000, 0x0000000088c00000|100%| E|CS|TAMS 0x0000000088b00000, 0x0000000088b00000| Complete 
| 114|0x0000000088c00000, 0x0000000088d00000, 0x0000000088d00000|100%| E|CS|TAMS 0x0000000088c00000, 0x0000000088c00000| Complete 
| 115|0x0000000088d00000, 0x0000000088e00000, 0x0000000088e00000|100%| E|CS|TAMS 0x0000000088d00000, 0x0000000088d00000| Complete 
| 116|0x0000000088e00000, 0x0000000088f00000, 0x0000000088f00000|100%| E|CS|TAMS 0x0000000088e00000, 0x0000000088e00000| Complete 
| 117|0x0000000088f00000, 0x0000000089000000, 0x0000000089000000|100%| E|  |TAMS 0x0000000088f00000, 0x0000000088f00000| Complete 
| 118|0x0000000089000000, 0x0000000089100000, 0x0000000089100000|100%| E|CS|TAMS 0x0000000089000000, 0x0000000089000000| Complete 
| 119|0x0000000089100000, 0x0000000089200000, 0x0000000089200000|100%| E|CS|TAMS 0x0000000089100000, 0x0000000089100000| Complete 
| 120|0x0000000089200000, 0x0000000089300000, 0x0000000089300000|100%| E|CS|TAMS 0x0000000089200000, 0x0000000089200000| Complete 
| 121|0x0000000089300000, 0x0000000089400000, 0x0000000089400000|100%| E|CS|TAMS 0x0000000089300000, 0x0000000089300000| Complete 
| 122|0x0000000089400000, 0x0000000089500000, 0x0000000089500000|100%| E|CS|TAMS 0x0000000089400000, 0x0000000089400000| Complete 
| 123|0x0000000089500000, 0x0000000089600000, 0x0000000089600000|100%| E|CS|TAMS 0x0000000089500000, 0x0000000089500000| Complete 
| 124|0x0000000089600000, 0x0000000089700000, 0x0000000089700000|100%| E|CS|TAMS 0x0000000089600000, 0x0000000089600000| Complete 
| 125|0x0000000089700000, 0x0000000089800000, 0x0000000089800000|100%| E|CS|TAMS 0x0000000089700000, 0x0000000089700000| Complete 
| 126|0x0000000089800000, 0x0000000089900000, 0x0000000089900000|100%| E|CS|TAMS 0x0000000089800000, 0x0000000089800000| Complete 
| 127|0x0000000089900000, 0x0000000089a00000, 0x0000000089a00000|100%| E|CS|TAMS 0x0000000089900000, 0x0000000089900000| Complete 

Card table byte_map: [0x000001ed29890000,0x000001ed29c90000] _byte_map_base: 0x000001ed29483000

Marking Bits (Prev, Next): (CMBitMap*) 0x000001ed11e7b768, (CMBitMap*) 0x000001ed11e7b7a0
 Prev Bits: [0x000001ed2a090000, 0x000001ed2c028000)
 Next Bits: [0x000001ed2c030000, 0x000001ed2dfc8000)

Polling page: 0x000001ed0fbb0000

Metaspace:

Usage:
  Non-class:     12.27 MB capacity,    12.01 MB ( 98%) used,   210.63 KB (  2%) free+waste,    55.44 KB ( <1%) overhead. 
      Class:      1.67 MB capacity,     1.43 MB ( 86%) used,   215.52 KB ( 13%) free+waste,    30.19 KB (  2%) overhead. 
       Both:     13.94 MB capacity,    13.44 MB ( 96%) used,   426.15 KB (  3%) free+waste,    85.63 KB ( <1%) overhead. 

Virtual space:
  Non-class space:       14.00 MB reserved,      12.50 MB ( 89%) committed 
      Class space:        1.00 GB reserved,       1.75 MB ( <1%) committed 
             Both:        1.01 GB reserved,      14.25 MB (  1%) committed 

Chunk freelists:
   Non-Class:  5.25 KB
       Class:  2.13 KB
        Both:  7.38 KB

CodeHeap 'non-profiled nmethods': size=120000Kb used=373Kb max_used=373Kb free=119626Kb
 bounds [0x000001ed21c30000, 0x000001ed21ea0000, 0x000001ed29160000]
CodeHeap 'profiled nmethods': size=120000Kb used=1513Kb max_used=1513Kb free=118487Kb
 bounds [0x000001ed1a700000, 0x000001ed1a970000, 0x000001ed21c30000]
CodeHeap 'non-nmethods': size=5760Kb used=1270Kb max_used=1299Kb free=4489Kb
 bounds [0x000001ed1a160000, 0x000001ed1a3d0000, 0x000001ed1a700000]
 total_blobs=1597 nmethods=886 adapters=464
 compilation: enabled
              stopped_count=0, restarted_count=0
 full_count=0

Compilation events (10 events):
Event: 0.957 Thread 0x000001ed313be800  886   !   3       java.lang.invoke.LambdaForm::compileToBytecode (162 bytes)
Event: 0.959 Thread 0x000001ed313be800 nmethod 886 0x000001ed1a877a90 code [0x000001ed1a877e60, 0x000001ed1a8796a0]
Event: 0.962 Thread 0x000001ed31965000 nmethod 874 0x000001ed21c84710 code [0x000001ed21c848c0, 0x000001ed21c84df8]
Event: 0.962 Thread 0x000001ed31965000  812       4       java.lang.invoke.LambdaForm$Name::<init> (54 bytes)
Event: 0.965 Thread 0x000001ed31965000 nmethod 812 0x000001ed21c85010 code [0x000001ed21c851a0, 0x000001ed21c854b8]
Event: 0.965 Thread 0x000001ed31965000  883       4       java.lang.StringBuilder::append (8 bytes)
Event: 0.970 Thread 0x000001ed31965000 nmethod 883 0x000001ed21c85510 code [0x000001ed21c856c0, 0x000001ed21c85c58]
Event: 0.970 Thread 0x000001ed31965000  827       4       java.util.concurrent.ConcurrentHashMap::tabAt (22 bytes)
Event: 0.970 Thread 0x000001ed31965000 nmethod 827 0x000001ed21c85f10 code [0x000001ed21c860a0, 0x000001ed21c860f8]
Event: 1.252 Thread 0x000001ed313bb000 nmethod 872 0x000001ed21c86190 code [0x000001ed21c865c0, 0x000001ed21c8adc0]

GC Heap History (0 events):
No events

Deoptimization events (6 events):
Event: 0.218 Thread 0x000001ed11e3a800 Uncommon trap: reason=class_check action=maybe_recompile pc=0x000001ed21c3eb8c method=java.util.HashMap.putVal(ILjava/lang/Object;Ljava/lang/Object;ZZ)Ljava/lang/Object; @ 152 c2
Event: 0.358 Thread 0x000001ed11e3a800 Uncommon trap: reason=class_check action=maybe_recompile pc=0x000001ed21c3eb8c method=java.util.HashMap.putVal(ILjava/lang/Object;Ljava/lang/Object;ZZ)Ljava/lang/Object; @ 152 c2
Event: 0.358 Thread 0x000001ed11e3a800 Uncommon trap: reason=class_check action=maybe_recompile pc=0x000001ed21c3eb8c method=java.util.HashMap.putVal(ILjava/lang/Object;Ljava/lang/Object;ZZ)Ljava/lang/Object; @ 152 c2
Event: 0.358 Thread 0x000001ed11e3a800 Uncommon trap: reason=class_check action=maybe_recompile pc=0x000001ed21c3eb8c method=java.util.HashMap.putVal(ILjava/lang/Object;Ljava/lang/Object;ZZ)Ljava/lang/Object; @ 152 c2
Event: 0.611 Thread 0x000001ed3192d000 Uncommon trap: reason=unstable_if action=reinterpret pc=0x000001ed21c542c8 method=java.util.HashMap.putVal(ILjava/lang/Object;Ljava/lang/Object;ZZ)Ljava/lang/Object; @ 181 c2
Event: 0.615 Thread 0x000001ed3192d000 Uncommon trap: reason=unstable_if action=reinterpret pc=0x000001ed21c35dfc method=java.lang.String.isLatin1()Z @ 10 c2

Classes redefined (6 events):
Event: 28.529 Thread 0x000001ed30a2a800 redefined class name=Triangle$ImagePanel, count=1
Event: 28.532 Thread 0x000001ed30a2a800 redefined class name=Triangle, count=1
Event: 69.535 Thread 0x000001ed30a2a800 redefined class name=Triangle$ImagePanel, count=2
Event: 69.538 Thread 0x000001ed30a2a800 redefined class name=Triangle, count=2
Event: 156.680 Thread 0x000001ed30a2a800 redefined class name=Triangle$ImagePanel, count=3
Event: 156.684 Thread 0x000001ed30a2a800 redefined class name=Triangle, count=3

Internal exceptions (10 events):
Event: 0.939 Thread 0x000001ed3302c000 Exception <a 'java/lang/NoSuchMethodError'{0x0000000088acc3d0}: java.lang.invoke.DirectMethodHandle$Holder.invokeStatic(Ljava/lang/Object;Ljava/lang/Object;Ljava/lang/Object;Ljava/lang/Object;Ljava/lang/Object;Ljava/lang/Object;Ljava/lang/Object;Ljava/lan
Event: 0.940 Thread 0x000001ed3302c000 Exception <a 'java/lang/NoSuchMethodError'{0x0000000088ad9f78}: java.lang.invoke.DirectMethodHandle$Holder.invokeStatic(Ljava/lang/Object;Ljava/lang/Object;Ljava/lang/Object;Ljava/lang/Object;Ljava/lang/Object;Ljava/lang/Object;Ljava/lang/Object;Ljava/lan
Event: 0.942 Thread 0x000001ed3302c000 Exception <a 'java/lang/NoSuchMethodError'{0x0000000088ae7cc0}: java.lang.invoke.DirectMethodHandle$Holder.invokeStatic(Ljava/lang/Object;Ljava/lang/Object;Ljava/lang/Object;Ljava/lang/Object;Ljava/lang/Object;Ljava/lang/Object;Ljava/lang/Object;Ljava/lan
Event: 0.943 Thread 0x000001ed3302c000 Exception <a 'java/lang/NoSuchMethodError'{0x0000000088af4868}: java.lang.invoke.DirectMethodHandle$Holder.invokeSpecial(Ljava/lang/Object;Ljava/lang/Object;Ljava/lang/Object;Ljava/lang/Object;Ljava/lang/Object;Ljava/lang/Object;I)Ljava/lang/Object;> (0x0
Event: 0.943 Thread 0x000001ed3302c000 Exception <a 'java/lang/NoSuchMethodError'{0x0000000088af8610}: java.lang.invoke.DelegatingMethodHandle$Holder.reinvoke_L(Ljava/lang/Object;Ljava/lang/Object;Ljava/lang/Object;Ljava/lang/Object;Ljava/lang/Object;I)Ljava/lang/Object;> (0x0000000088af8610) 
Event: 0.944 Thread 0x000001ed3302c000 Exception <a 'java/lang/NoSuchMethodError'{0x0000000088907718}: java.lang.invoke.Invokers$Holder.linkToTargetMethod(Ljava/lang/Object;Ljava/lang/Object;Ljava/lang/Object;Ljava/lang/Object;ILjava/lang/Object;)Ljava/lang/Object;> (0x0000000088907718) thrown
Event: 0.951 Thread 0x000001ed3302c000 Exception <a 'java/lang/NoSuchMethodError'{0x0000000088973640}: java.lang.invoke.DirectMethodHandle$Holder.invokeSpecial(Ljava/lang/Object;Ljava/lang/Object;IIILjava/lang/Object;III)Ljava/lang/Object;> (0x0000000088973640) thrown at [t:/workspace/open/src
Event: 0.951 Thread 0x000001ed3302c000 Exception <a 'java/lang/NoSuchMethodError'{0x0000000088976d80}: java.lang.invoke.DelegatingMethodHandle$Holder.reinvoke_L(Ljava/lang/Object;IIILjava/lang/Object;III)Ljava/lang/Object;> (0x0000000088976d80) thrown at [t:/workspace/open/src/hotspot/share/in
Event: 0.954 Thread 0x000001ed3302c000 Exception <a 'java/lang/NoSuchMethodError'{0x00000000889a17f8}: java.lang.invoke.DirectMethodHandle$Holder.invokeSpecial(Ljava/lang/Object;Ljava/lang/Object;Ljava/lang/Object;III)Ljava/lang/Object;> (0x00000000889a17f8) thrown at [t:/workspace/open/src/ho
Event: 0.954 Thread 0x000001ed3302c000 Exception <a 'java/lang/NoSuchMethodError'{0x00000000889a4ce0}: java.lang.invoke.Invokers$Holder.linkToTargetMethod(Ljava/lang/Object;IIILjava/lang/Object;)Ljava/lang/Object;> (0x00000000889a4ce0) thrown at [t:/workspace/open/src/hotspot/share/interpreter

Events (10 events):
Event: 156.759 Executing VM operation: GetOrSetLocal done
Event: 156.760 Executing VM operation: GetFrameCount
Event: 156.760 Executing VM operation: GetFrameCount done
Event: 156.760 Executing VM operation: GetStackTrace
Event: 156.760 Executing VM operation: GetStackTrace done
Event: 156.761 Executing VM operation: GetFrameLocation
Event: 156.761 Executing VM operation: GetFrameLocation done
Event: 156.761 Executing VM operation: GetOrSetLocal
Event: 156.761 Executing VM operation: GetOrSetLocal done
Event: 156.824 Executing VM operation: GetOrSetLocal


Dynamic libraries:
0x00007ff6e3ef0000 - 0x00007ff6e3f37000 	C:\Program Files\Java\jdk-11.0.1\bin\java.exe
0x00007ffaa9a50000 - 0x00007ffaa9c31000 	C:\WINDOWS\SYSTEM32\ntdll.dll
0x00007ffa9c3a0000 - 0x00007ffa9c3b4000 	C:\Program Files (x86)\AVG\Antivirus\x64\aswhooka.dll
0x00007ffaa9670000 - 0x00007ffaa9722000 	C:\WINDOWS\System32\KERNEL32.DLL
0x00007ffaa5f30000 - 0x00007ffaa61a3000 	C:\WINDOWS\System32\KERNELBASE.dll
0x00007ffaa6f80000 - 0x00007ffaa7021000 	C:\WINDOWS\System32\ADVAPI32.dll
0x00007ffaa9730000 - 0x00007ffaa97ce000 	C:\WINDOWS\System32\msvcrt.dll
0x00007ffaa92f0000 - 0x00007ffaa934b000 	C:\WINDOWS\System32\sechost.dll
0x00007ffaa7030000 - 0x00007ffaa7154000 	C:\WINDOWS\System32\RPCRT4.dll
0x00007ffaa94e0000 - 0x00007ffaa9670000 	C:\WINDOWS\System32\USER32.dll
0x00007ffaa61b0000 - 0x00007ffaa61d0000 	C:\WINDOWS\System32\win32u.dll
0x00007ffaa99f0000 - 0x00007ffaa9a18000 	C:\WINDOWS\System32\GDI32.dll
0x00007ffaa64b0000 - 0x00007ffaa6642000 	C:\WINDOWS\System32\gdi32full.dll
0x00007ffaa63c0000 - 0x00007ffaa645f000 	C:\WINDOWS\System32\msvcp_win.dll
0x00007ffaa6650000 - 0x00007ffaa674a000 	C:\WINDOWS\System32\ucrtbase.dll
0x00007ffa9b380000 - 0x00007ffa9b5e9000 	C:\WINDOWS\WinSxS\amd64_microsoft.windows.common-controls_6595b64144ccf1df_6.0.17134.345_none_fb429a5930656358\COMCTL32.dll
0x00007ffaa7250000 - 0x00007ffaa7573000 	C:\WINDOWS\System32\combase.dll
0x00007ffaa6750000 - 0x00007ffaa67ca000 	C:\WINDOWS\System32\bcryptPrimitives.dll
0x00007ffa9e3b0000 - 0x00007ffa9e3ba000 	C:\WINDOWS\SYSTEM32\VERSION.dll
0x00007ffaa9070000 - 0x00007ffaa909d000 	C:\WINDOWS\System32\IMM32.DLL
0x00007ffaa4030000 - 0x00007ffaa4046000 	C:\Program Files\Java\jdk-11.0.1\bin\vcruntime140.dll
0x00007ffa9f4f0000 - 0x00007ffa9f59a000 	C:\Program Files\Java\jdk-11.0.1\bin\msvcp140.dll
0x00007ffa714c0000 - 0x00007ffa72002000 	C:\Program Files\Java\jdk-11.0.1\bin\server\jvm.dll
0x00007ffaa7160000 - 0x00007ffaa7168000 	C:\WINDOWS\System32\PSAPI.DLL
0x00007ffaa2360000 - 0x00007ffaa2369000 	C:\WINDOWS\SYSTEM32\WSOCK32.dll
0x00007ffaa9100000 - 0x00007ffaa916c000 	C:\WINDOWS\System32\WS2_32.dll
0x00007ffaa27c0000 - 0x00007ffaa27e3000 	C:\WINDOWS\SYSTEM32\WINMM.dll
0x00007ffaa2740000 - 0x00007ffaa276a000 	C:\WINDOWS\SYSTEM32\WINMMBASE.dll
0x00007ffaa6460000 - 0x00007ffaa64a9000 	C:\WINDOWS\System32\cfgmgr32.dll
0x00007ffaa5e00000 - 0x00007ffaa5e11000 	C:\WINDOWS\System32\kernel.appcore.dll
0x00007ffaa0fb0000 - 0x00007ffaa0fc1000 	C:\Program Files\Java\jdk-11.0.1\bin\verify.dll
0x00007ffa91670000 - 0x00007ffa91839000 	C:\WINDOWS\SYSTEM32\DBGHELP.DLL
0x00007ffa91590000 - 0x00007ffa915b9000 	C:\WINDOWS\SYSTEM32\dbgcore.DLL
0x00007ffa9fab0000 - 0x00007ffa9fad9000 	C:\Program Files\Java\jdk-11.0.1\bin\java.dll
0x00007ffa9f490000 - 0x00007ffa9f4c7000 	C:\Program Files\Java\jdk-11.0.1\bin\jdwp.dll
0x00007ffa9f460000 - 0x00007ffa9f48f000 	C:\Program Files\Java\jdk-11.0.1\bin\instrument.dll
0x00007ffaa0f90000 - 0x00007ffaa0fa6000 	C:\Program Files\Java\jdk-11.0.1\bin\zip.dll
0x00007ffaa4140000 - 0x00007ffaa414a000 	C:\Program Files\Java\jdk-11.0.1\bin\jimage.dll
0x00007ffaa7720000 - 0x00007ffaa8b5f000 	C:\WINDOWS\System32\SHELL32.dll
0x00007ffaa97d0000 - 0x00007ffaa9879000 	C:\WINDOWS\System32\shcore.dll
0x00007ffaa67d0000 - 0x00007ffaa6edd000 	C:\WINDOWS\System32\windows.storage.dll
0x00007ffaa9010000 - 0x00007ffaa9061000 	C:\WINDOWS\System32\shlwapi.dll
0x00007ffaa5dd0000 - 0x00007ffaa5def000 	C:\WINDOWS\System32\profapi.dll
0x00007ffaa5d60000 - 0x00007ffaa5dac000 	C:\WINDOWS\System32\powrprof.dll
0x00007ffaa5df0000 - 0x00007ffaa5dfa000 	C:\WINDOWS\System32\FLTLIB.DLL
0x00007ffa9fa10000 - 0x00007ffa9fa1a000 	C:\Program Files\Java\jdk-11.0.1\bin\dt_socket.dll
0x00007ffaa55e0000 - 0x00007ffaa5646000 	C:\WINDOWS\system32\mswsock.dll
0x00007ffa9fa40000 - 0x00007ffa9fa59000 	C:\Program Files\Java\jdk-11.0.1\bin\net.dll
0x00007ffaa1060000 - 0x00007ffaa113c000 	C:\WINDOWS\SYSTEM32\WINHTTP.dll
0x00007ffa9f9d0000 - 0x00007ffa9f9e3000 	C:\Program Files\Java\jdk-11.0.1\bin\nio.dll
0x00007ffa7f3c0000 - 0x00007ffa7f55f000 	C:\Program Files\Java\jdk-11.0.1\bin\awt.dll
0x00007ffaa7180000 - 0x00007ffaa7242000 	C:\WINDOWS\System32\OLEAUT32.dll
0x00007ffaa31c0000 - 0x00007ffaa3787000 	C:\WINDOWS\SYSTEM32\d2d1.dll
0x00007ffaa3f80000 - 0x00007ffaa400b000 	C:\WINDOWS\SYSTEM32\apphelp.dll
0x00007ffaa44d0000 - 0x00007ffaa44f9000 	C:\WINDOWS\system32\DWMAPI.DLL
0x00007ffaa41f0000 - 0x00007ffaa4288000 	C:\WINDOWS\system32\uxtheme.dll
0x00007ffa96f10000 - 0x00007ffa97030000 	C:\WINDOWS\system32\opengl32.dll
0x00007ffa9a220000 - 0x00007ffa9a24c000 	C:\WINDOWS\SYSTEM32\GLU32.dll
0x00007ffaa9170000 - 0x00007ffaa92e4000 	C:\WINDOWS\System32\MSCTF.dll
0x00007ffaa9890000 - 0x00007ffaa99e1000 	C:\WINDOWS\System32\ole32.dll
0x00007ffa97230000 - 0x00007ffa972b0000 	C:\Program Files\Java\jdk-11.0.1\bin\freetype.dll
0x00007ffa85f00000 - 0x00007ffa85f6f000 	C:\Program Files\Java\jdk-11.0.1\bin\fontmanager.dll
0x00007ffa9f6c0000 - 0x00007ffa9f757000 	C:\WINDOWS\System32\TextInputFramework.dll
0x00007ffaa01c0000 - 0x00007ffaa04de000 	C:\WINDOWS\System32\CoreUIComponents.dll
0x00007ffaa3a10000 - 0x00007ffaa3aea000 	C:\WINDOWS\System32\CoreMessaging.dll
0x00007ffaa4e50000 - 0x00007ffaa4e81000 	C:\WINDOWS\SYSTEM32\ntmarta.dll
0x00007ffaa2140000 - 0x00007ffaa228d000 	C:\WINDOWS\SYSTEM32\wintypes.dll

dbghelp: loaded successfully - version: 4.0.5 - missing functions: none
symbol engine: initialized successfully - sym options: 0x614 - pdb path: .;C:\Program Files\Java\jdk-11.0.1\bin;C:\WINDOWS\SYSTEM32;C:\Program Files (x86)\AVG\Antivirus\x64;C:\WINDOWS\WinSxS\amd64_microsoft.windows.common-controls_6595b64144ccf1df_6.0.17134.345_none_fb429a5930656358;C:\Program Files\Java\jdk-11.0.1\bin\server

VM Arguments:
jvm_args: -agentlib:jdwp=transport=dt_socket,address=127.0.0.1:60179,suspend=y,server=n -javaagent:C:\Users\Péter\.IntelliJIdea2018.2\system\captureAgent\debugger-agent.jar=file:/C:/Users/P%C3%A9ter/AppData/Local/Temp/capture.props -Dfile.encoding=UTF-8 
java_command: Triangle
java_class_path (initial): C:\Users\Péter\IdeaProjects\FirstProject\out\production\FirstProject;C:\Program Files\JetBrains\IntelliJ IDEA 2018.2.5\lib\idea_rt.jar
Launcher Type: SUN_STANDARD

[Global flags]
     intx CICompilerCount                          = 4                                         {product} {ergonomic}
     uint ConcGCThreads                            = 2                                         {product} {ergonomic}
     uint G1ConcRefinementThreads                  = 8                                         {product} {ergonomic}
   size_t G1HeapRegionSize                         = 1048576                                   {product} {ergonomic}
    uintx GCDrainStackTargetSize                   = 64                                        {product} {ergonomic}
   size_t InitialHeapSize                          = 134217728                                 {product} {ergonomic}
   size_t MarkStackSize                            = 4194304                                   {product} {ergonomic}
   size_t MaxHeapSize                              = 2120220672                                {product} {ergonomic}
   size_t MaxNewSize                               = 1271922688                                {product} {ergonomic}
   size_t MinHeapDeltaBytes                        = 1048576                                   {product} {ergonomic}
    uintx NonNMethodCodeHeapSize                   = 5835340                                {pd product} {ergonomic}
    uintx NonProfiledCodeHeapSize                  = 122911450                              {pd product} {ergonomic}
    uintx ProfiledCodeHeapSize                     = 122911450                              {pd product} {ergonomic}
    uintx ReservedCodeCacheSize                    = 251658240                              {pd product} {ergonomic}
     bool SegmentedCodeCache                       = true                                      {product} {ergonomic}
     bool UseCompressedClassPointers               = true                                 {lp64_product} {ergonomic}
     bool UseCompressedOops                        = true                                 {lp64_product} {ergonomic}
     bool UseG1GC                                  = true                                      {product} {ergonomic}
     bool UseLargePagesIndividualAllocation        = false                                  {pd product} {ergonomic}

Logging:
Log output configuration:
 #0: stdout all=warning uptime,level,tags
 #1: stderr all=off uptime,level,tags

Environment Variables:
JAVA_HOME=C:\Program Files\Java\jdk-11.0.1
PATH=C:\Program Files (x86)\Common Files\Oracle\Java\javapath;C:\ProgramData\Oracle\Java\javapath;C:\Windows\system32;C:\Windows;C:\Windows\System32\Wbem;C:\Windows\System32\WindowsPowerShell\v1.0\;C:\Program Files (x86)\NVIDIA Corporation\PhysX\Common;C:\WINDOWS\system32;C:\WINDOWS;C:\WINDOWS\System32\Wbem;C:\WINDOWS\System32\WindowsPowerShell\v1.0\;C:\WINDOWS\System32\OpenSSH\;C:\Program Files\Git\cmd;C:\Users\Péter\AppData\Local\Microsoft\WindowsApps;C:\Users\Péter\AppData\Local\Programs\Microsoft VS Code\bin;C:\Users\Péter\AppData\Local\GitHubDesktop\bin;C:\Users\Péter\AppData\Local\atom\bin;C:\Program Files\Java\jdk1.8.0\bin;C:\Users\Péter\AppData\Local\Microsoft\WindowsApps;C:\Users\Péter\AppData\Local\Programs\Microsoft VS Code\bin;C:\Users\Péter\AppData\Local\GitHubDesktop\bin;C:\Users\Péter\AppData\Local\atom\bin
USERNAME=Péter
OS=Windows_NT
PROCESSOR_IDENTIFIER=Intel64 Family 6 Model 94 Stepping 3, GenuineIntel



---------------  S Y S T E M  ---------------

OS: Windows 10 , 64 bit Build 17134 (10.0.17134.1)

CPU:total 8 (initial active 8) (4 cores per cpu, 2 threads per core) family 6 model 94 stepping 3, cmov, cx8, fxsr, mmx, sse, sse2, sse3, ssse3, sse4.1, sse4.2, popcnt, avx, avx2, aes, clmul, erms, rtm, 3dnowpref, lzcnt, ht, tsc, tscinvbit, bmi1, bmi2, adx, fma

Memory: 4k page, system-wide physical 8082M (3898M free)
TotalPageFile size 9362M (AvailPageFile size 3271M)
current process WorkingSet (physical memory assigned to process): 66M, peak: 80M
current process commit charge ("private bytes"): 219M, peak: 232M

vm_info: Java HotSpot(TM) 64-Bit Server VM (11.0.1+13-LTS) for windows-amd64 JRE (11.0.1+13-LTS), built on Oct  6 2018 13:20:16 by "mach5one" with MS VC++ 15.5 (VS2017)

END.
